# Logfile created on Mon May 21 08:46:43 -0300 2018  [4;36;1mSQL (0.1ms)[0m   [0;1mSET NAMES 'utf8'[0m
  [4;35;1mSQL (0.1ms)[0m   [0mSET SQL_AUTO_IS_NULL=0[0m


Processing HomeController#index (for 127.0.0.1 at 2018-05-21 08:46:45) [GET]
Redirected to http://localhost:3001/session/new
Filter chain halted as [:login_required] rendered_or_redirected.
Completed in 30ms (DB: 0) | 302 Found [http://localhost/]
  [4;36;1mSQL (0.1ms)[0m   [0;1mSET NAMES 'utf8'[0m
  [4;35;1mSQL (0.1ms)[0m   [0mSET SQL_AUTO_IS_NULL=0[0m


Processing SessionsController#new (for 127.0.0.1 at 2018-05-21 08:46:45) [GET]
  [4;36;1mCurso Load (0.7ms)[0m   [0;1mSELECT * FROM `cursos` WHERE (status = 0) [0m
Rendering template within layouts/login
Rendering sessions/new
Completed in 96ms (View: 70, DB: 1) | 200 OK [http://localhost/session/new]
  [4;35;1mSQL (0.1ms)[0m   [0mSET NAMES 'utf8'[0m
  [4;36;1mSQL (0.1ms)[0m   [0;1mSET SQL_AUTO_IS_NULL=0[0m


Processing SessionsController#informatica (for 127.0.0.1 at 2018-05-21 08:46:52) [GET]
  [4;35;1mCurso Load (0.2ms)[0m   [0mSELECT * FROM `cursos` WHERE (status = 0) [0m
Rendering template within layouts/login
Rendering sessions/informatica
Completed in 37ms (View: 21, DB: 0) | 200 OK [http://localhost/informatica]
  [4;36;1mSQL (0.1ms)[0m   [0;1mSET NAMES 'utf8'[0m
  [4;35;1mSQL (0.0ms)[0m   [0mSET SQL_AUTO_IS_NULL=0[0m


Processing SessionsController#create (for 127.0.0.1 at 2018-05-21 08:46:58) [POST]
  Parameters: {"password"=>"musand12", "authenticity_token"=>"CNcSQ1jJLunw9NHLcPkvUc2nbUNj/2OkA2CWUcCJEwo=", "commit"=>"Entrar", "login"=>"ngarcia"}
  [4;36;1mCurso Load (0.2ms)[0m   [0;1mSELECT * FROM `cursos` WHERE (status = 0) [0m
  [4;35;1mUser Load (0.8ms)[0m   [0mSELECT * FROM `users` WHERE (login = 'ngarcia' and activated_at IS NOT NULL) LIMIT 1[0m
  [4;36;1mUser Columns (0.9ms)[0m   [0;1mSHOW FIELDS FROM `users`[0m
Redirected to http://localhost:3001/
Completed in 121ms (DB: 2) | 302 Found [http://localhost/session]
  [4;35;1mSQL (0.1ms)[0m   [0mSET NAMES 'utf8'[0m
  [4;36;1mSQL (0.1ms)[0m   [0;1mSET SQL_AUTO_IS_NULL=0[0m


Processing HomeController#index (for 127.0.0.1 at 2018-05-21 08:46:59) [GET]
  [4;35;1mUser Columns (1.4ms)[0m   [0mSHOW FIELDS FROM `users`[0m
  [4;36;1mUser Load (0.7ms)[0m   [0;1mSELECT * FROM `users` WHERE (`users`.`id` = 2) LIMIT 1[0m
Rendering template within layouts/application
Rendering home/index
  [4;35;1mInformativo Load (0.4ms)[0m   [0mSELECT * FROM `informativos` WHERE (starts_at <= '2018-05-21 11:46:59' AND ends_at >= '2018-05-21 11:46:59') [0m
  [4;36;1mroles_users Columns (0.6ms)[0m   [0;1mSHOW FIELDS FROM `roles_users`[0m
  [4;35;1mRole Load (0.2ms)[0m   [0mSELECT * FROM `roles` INNER JOIN `roles_users` ON `roles`.id = `roles_users`.role_id WHERE (`roles_users`.user_id = 2 ) [0m
  [4;36;1mRole Columns (0.4ms)[0m   [0;1mSHOW FIELDS FROM `roles`[0m
  [4;35;1mSQL (0.1ms)[0m   [0mSET NAMES 'utf8'[0m
  [4;36;1mSQL (0.1ms)[0m   [0;1mSET SQL_AUTO_IS_NULL=0[0m
  [4;35;1mUnidade Load (0.5ms)[0m   [0mSELECT * FROM `unidades` WHERE (id=52) [0m
  [4;36;1mUnidade Columns (1.4ms)[0m   [0;1mSHOW FIELDS FROM `unidades`[0m
Completed in 295ms (View: 269, DB: 4) | 200 OK [http://localhost/]
  [4;35;1mSQL (0.2ms)[0m   [0mSET NAMES 'utf8'[0m
  [4;36;1mSQL (0.2ms)[0m   [0;1mSET SQL_AUTO_IS_NULL=0[0m


Processing ApplicationController#index (for 127.0.0.1 at 2018-05-21 08:46:59) [GET]

ActionController::RoutingError (No route matches "/stylesheets/style.css" with {:method=>:get}):
  

Rendering rescues/layout (not_found)
  [4;35;1mSQL (0.1ms)[0m   [0mSET NAMES 'utf8'[0m
  [4;36;1mSQL (0.0ms)[0m   [0;1mSET SQL_AUTO_IS_NULL=0[0m


Processing HomeController#index (for 127.0.0.1 at 2018-05-21 08:48:40) [GET]
  [4;35;1mUser Columns (0.8ms)[0m   [0mSHOW FIELDS FROM `users`[0m
  [4;36;1mUser Load (0.1ms)[0m   [0;1mSELECT * FROM `users` WHERE (`users`.`id` = 2) LIMIT 1[0m
Rendering template within layouts/application
Rendering home/index
  [4;35;1mInformativo Load (0.6ms)[0m   [0mSELECT * FROM `informativos` WHERE (starts_at <= '2018-05-21 11:48:40' AND ends_at >= '2018-05-21 11:48:40') [0m
  [4;36;1mroles_users Columns (0.7ms)[0m   [0;1mSHOW FIELDS FROM `roles_users`[0m
  [4;35;1mRole Load (0.2ms)[0m   [0mSELECT * FROM `roles` INNER JOIN `roles_users` ON `roles`.id = `roles_users`.role_id WHERE (`roles_users`.user_id = 2 ) [0m
  [4;36;1mRole Columns (0.8ms)[0m   [0;1mSHOW FIELDS FROM `roles`[0m
  [4;35;1mSQL (0.1ms)[0m   [0mSET NAMES 'utf8'[0m
  [4;36;1mSQL (0.1ms)[0m   [0;1mSET SQL_AUTO_IS_NULL=0[0m
  [4;35;1mUnidade Load (0.2ms)[0m   [0mSELECT * FROM `unidades` WHERE (id=52) [0m
  [4;36;1mUnidade Columns (0.8ms)[0m   [0;1mSHOW FIELDS FROM `unidades`[0m
Completed in 181ms (View: 69, DB: 3) | 200 OK [http://localhost/]
  [4;35;1mSQL (0.1ms)[0m   [0mSET NAMES 'utf8'[0m
  [4;36;1mSQL (0.1ms)[0m   [0;1mSET SQL_AUTO_IS_NULL=0[0m


Processing ApplicationController#index (for 127.0.0.1 at 2018-05-21 08:48:41) [GET]

ActionController::RoutingError (No route matches "/stylesheets/style.css" with {:method=>:get}):
  

Rendering rescues/layout (not_found)
  [4;35;1mSQL (0.1ms)[0m   [0mSET NAMES 'utf8'[0m
  [4;36;1mSQL (0.0ms)[0m   [0;1mSET SQL_AUTO_IS_NULL=0[0m


Processing HomeController#index (for 127.0.0.1 at 2018-05-21 08:49:02) [GET]
  [4;35;1mUser Columns (0.8ms)[0m   [0mSHOW FIELDS FROM `users`[0m
  [4;36;1mUser Load (0.1ms)[0m   [0;1mSELECT * FROM `users` WHERE (`users`.`id` = 2) LIMIT 1[0m
Rendering template within layouts/application
Rendering home/index
  [4;35;1mInformativo Load (0.5ms)[0m   [0mSELECT * FROM `informativos` WHERE (starts_at <= '2018-05-21 11:49:02' AND ends_at >= '2018-05-21 11:49:02') [0m
  [4;36;1mroles_users Columns (1.0ms)[0m   [0;1mSHOW FIELDS FROM `roles_users`[0m
  [4;35;1mRole Load (0.2ms)[0m   [0mSELECT * FROM `roles` INNER JOIN `roles_users` ON `roles`.id = `roles_users`.role_id WHERE (`roles_users`.user_id = 2 ) [0m
  [4;36;1mRole Columns (1.1ms)[0m   [0;1mSHOW FIELDS FROM `roles`[0m
  [4;35;1mSQL (0.1ms)[0m   [0mSET NAMES 'utf8'[0m
  [4;36;1mSQL (0.1ms)[0m   [0;1mSET SQL_AUTO_IS_NULL=0[0m
  [4;35;1mUnidade Load (0.1ms)[0m   [0mSELECT * FROM `unidades` WHERE (id=52) [0m
  [4;36;1mUnidade Columns (0.7ms)[0m   [0;1mSHOW FIELDS FROM `unidades`[0m
Completed in 178ms (View: 159, DB: 4) | 200 OK [http://localhost/]
  [4;35;1mSQL (0.1ms)[0m   [0mSET NAMES 'utf8'[0m
  [4;36;1mSQL (0.5ms)[0m   [0;1mSET SQL_AUTO_IS_NULL=0[0m


Processing ApplicationController#index (for 127.0.0.1 at 2018-05-21 08:49:03) [GET]

ActionController::RoutingError (No route matches "/stylesheets/style.css" with {:method=>:get}):
  

Rendering rescues/layout (not_found)
  [4;35;1mSQL (0.2ms)[0m   [0mSET NAMES 'utf8'[0m
  [4;36;1mSQL (0.1ms)[0m   [0;1mSET SQL_AUTO_IS_NULL=0[0m


Processing HomeController#index (for 127.0.0.1 at 2018-05-21 08:49:24) [GET]
  [4;35;1mUser Columns (0.7ms)[0m   [0mSHOW FIELDS FROM `users`[0m
  [4;36;1mUser Load (0.1ms)[0m   [0;1mSELECT * FROM `users` WHERE (`users`.`id` = 2) LIMIT 1[0m
Rendering template within layouts/application
Rendering home/index
  [4;35;1mInformativo Load (0.6ms)[0m   [0mSELECT * FROM `informativos` WHERE (starts_at <= '2018-05-21 11:49:24' AND ends_at >= '2018-05-21 11:49:24') [0m
  [4;36;1mroles_users Columns (0.9ms)[0m   [0;1mSHOW FIELDS FROM `roles_users`[0m
  [4;35;1mRole Load (0.5ms)[0m   [0mSELECT * FROM `roles` INNER JOIN `roles_users` ON `roles`.id = `roles_users`.role_id WHERE (`roles_users`.user_id = 2 ) [0m
  [4;36;1mRole Columns (0.8ms)[0m   [0;1mSHOW FIELDS FROM `roles`[0m
  [4;35;1mSQL (0.1ms)[0m   [0mSET NAMES 'utf8'[0m
  [4;36;1mSQL (0.1ms)[0m   [0;1mSET SQL_AUTO_IS_NULL=0[0m
  [4;35;1mUnidade Load (0.4ms)[0m   [0mSELECT * FROM `unidades` WHERE (id=52) [0m
  [4;36;1mUnidade Columns (1.4ms)[0m   [0;1mSHOW FIELDS FROM `unidades`[0m
Completed in 157ms (View: 140, DB: 4) | 200 OK [http://localhost/]
  [4;35;1mSQL (0.1ms)[0m   [0mSET NAMES 'utf8'[0m
  [4;36;1mSQL (0.1ms)[0m   [0;1mSET SQL_AUTO_IS_NULL=0[0m


Processing ApplicationController#index (for 127.0.0.1 at 2018-05-21 08:49:25) [GET]

ActionController::RoutingError (No route matches "/stylesheets/style.css" with {:method=>:get}):
  

Rendering rescues/layout (not_found)
  [4;35;1mSQL (0.2ms)[0m   [0mSET NAMES 'utf8'[0m
  [4;36;1mSQL (0.1ms)[0m   [0;1mSET SQL_AUTO_IS_NULL=0[0m


Processing HomeController#index (for 127.0.0.1 at 2018-05-21 08:49:54) [GET]
  [4;35;1mUser Columns (0.8ms)[0m   [0mSHOW FIELDS FROM `users`[0m
  [4;36;1mUser Load (0.1ms)[0m   [0;1mSELECT * FROM `users` WHERE (`users`.`id` = 2) LIMIT 1[0m
Rendering template within layouts/application
Rendering home/index
  [4;35;1mInformativo Load (0.4ms)[0m   [0mSELECT * FROM `informativos` WHERE (starts_at <= '2018-05-21 11:49:54' AND ends_at >= '2018-05-21 11:49:54') [0m
  [4;36;1mroles_users Columns (0.8ms)[0m   [0;1mSHOW FIELDS FROM `roles_users`[0m
  [4;35;1mRole Load (0.4ms)[0m   [0mSELECT * FROM `roles` INNER JOIN `roles_users` ON `roles`.id = `roles_users`.role_id WHERE (`roles_users`.user_id = 2 ) [0m
  [4;36;1mRole Columns (0.5ms)[0m   [0;1mSHOW FIELDS FROM `roles`[0m
Completed in 38ms (View: 18, DB: 3) | 200 OK [http://localhost/]
  [4;35;1mSQL (0.1ms)[0m   [0mSET NAMES 'utf8'[0m
  [4;36;1mSQL (0.1ms)[0m   [0;1mSET SQL_AUTO_IS_NULL=0[0m


Processing ApplicationController#index (for 127.0.0.1 at 2018-05-21 08:49:54) [GET]

ActionController::RoutingError (No route matches "/stylesheets/style.css" with {:method=>:get}):
  

Rendering rescues/layout (not_found)
  [4;35;1mSQL (0.1ms)[0m   [0mSET NAMES 'utf8'[0m
  [4;36;1mSQL (0.2ms)[0m   [0;1mSET SQL_AUTO_IS_NULL=0[0m


Processing HomeController#index (for 127.0.0.1 at 2018-05-21 08:50:21) [GET]
  [4;35;1mUser Columns (0.8ms)[0m   [0mSHOW FIELDS FROM `users`[0m
  [4;36;1mUser Load (0.1ms)[0m   [0;1mSELECT * FROM `users` WHERE (`users`.`id` = 2) LIMIT 1[0m
Rendering template within layouts/application
Rendering home/index
  [4;35;1mInformativo Load (0.4ms)[0m   [0mSELECT * FROM `informativos` WHERE (starts_at <= '2018-05-21 11:50:21' AND ends_at >= '2018-05-21 11:50:21') [0m
  [4;36;1mroles_users Columns (0.7ms)[0m   [0;1mSHOW FIELDS FROM `roles_users`[0m
  [4;35;1mRole Load (0.4ms)[0m   [0mSELECT * FROM `roles` INNER JOIN `roles_users` ON `roles`.id = `roles_users`.role_id WHERE (`roles_users`.user_id = 2 ) [0m
  [4;36;1mRole Columns (0.4ms)[0m   [0;1mSHOW FIELDS FROM `roles`[0m
  [4;35;1mSQL (0.1ms)[0m   [0mSET NAMES 'utf8'[0m
  [4;36;1mSQL (0.1ms)[0m   [0;1mSET SQL_AUTO_IS_NULL=0[0m
  [4;35;1mUnidade Load (0.1ms)[0m   [0mSELECT * FROM `unidades` WHERE (id=52) [0m
  [4;36;1mUnidade Columns (0.8ms)[0m   [0;1mSHOW FIELDS FROM `unidades`[0m
Completed in 67ms (View: 47, DB: 3) | 200 OK [http://localhost/]
  [4;35;1mSQL (0.1ms)[0m   [0mSET NAMES 'utf8'[0m
  [4;36;1mSQL (0.1ms)[0m   [0;1mSET SQL_AUTO_IS_NULL=0[0m


Processing ApplicationController#index (for 127.0.0.1 at 2018-05-21 08:50:21) [GET]

ActionController::RoutingError (No route matches "/stylesheets/style.css" with {:method=>:get}):
  

Rendering rescues/layout (not_found)
  [4;35;1mSQL (0.1ms)[0m   [0mSET NAMES 'utf8'[0m
  [4;36;1mSQL (0.1ms)[0m   [0;1mSET SQL_AUTO_IS_NULL=0[0m


Processing HomeController#index (for 127.0.0.1 at 2018-05-21 08:51:00) [GET]
  [4;35;1mUser Columns (1.4ms)[0m   [0mSHOW FIELDS FROM `users`[0m
  [4;36;1mUser Load (0.4ms)[0m   [0;1mSELECT * FROM `users` WHERE (`users`.`id` = 2) LIMIT 1[0m
Rendering template within layouts/application
Rendering home/index
  [4;35;1mInformativo Load (0.7ms)[0m   [0mSELECT * FROM `informativos` WHERE (starts_at <= '2018-05-21 11:51:00' AND ends_at >= '2018-05-21 11:51:00') [0m
  [4;36;1mroles_users Columns (1.2ms)[0m   [0;1mSHOW FIELDS FROM `roles_users`[0m
  [4;35;1mRole Load (0.2ms)[0m   [0mSELECT * FROM `roles` INNER JOIN `roles_users` ON `roles`.id = `roles_users`.role_id WHERE (`roles_users`.user_id = 2 ) [0m
  [4;36;1mRole Columns (1.0ms)[0m   [0;1mSHOW FIELDS FROM `roles`[0m
  [4;35;1mSQL (0.1ms)[0m   [0mSET NAMES 'utf8'[0m
  [4;36;1mSQL (0.1ms)[0m   [0;1mSET SQL_AUTO_IS_NULL=0[0m
  [4;35;1mUnidade Load (0.1ms)[0m   [0mSELECT * FROM `unidades` WHERE (id=52) [0m
  [4;36;1mUnidade Columns (0.7ms)[0m   [0;1mSHOW FIELDS FROM `unidades`[0m
Completed in 189ms (View: 165, DB: 5) | 200 OK [http://localhost/]
  [4;35;1mSQL (0.1ms)[0m   [0mSET NAMES 'utf8'[0m
  [4;36;1mSQL (0.1ms)[0m   [0;1mSET SQL_AUTO_IS_NULL=0[0m


Processing ApplicationController#index (for 127.0.0.1 at 2018-05-21 08:51:01) [GET]

ActionController::RoutingError (No route matches "/stylesheets/style.css" with {:method=>:get}):
  

Rendering rescues/layout (not_found)
  [4;36;1mSQL (0.2ms)[0m   [0;1mSET NAMES 'utf8'[0m
  [4;35;1mSQL (0.1ms)[0m   [0mSET SQL_AUTO_IS_NULL=0[0m


Processing HomeController#index (for 127.0.0.1 at 2018-05-23 12:08:08) [GET]
  [4;36;1mUser Columns (1.4ms)[0m   [0;1mSHOW FIELDS FROM `users`[0m
  [4;35;1mUser Load (0.3ms)[0m   [0mSELECT * FROM `users` WHERE (`users`.`id` = 2) LIMIT 1[0m
Rendering template within layouts/application
Rendering home/index
  [4;36;1mInformativo Load (0.9ms)[0m   [0;1mSELECT * FROM `informativos` WHERE (starts_at <= '2018-05-23 15:08:08' AND ends_at >= '2018-05-23 15:08:08') [0m
  [4;35;1mroles_users Columns (1.3ms)[0m   [0mSHOW FIELDS FROM `roles_users`[0m
  [4;36;1mRole Load (0.1ms)[0m   [0;1mSELECT * FROM `roles` INNER JOIN `roles_users` ON `roles`.id = `roles_users`.role_id WHERE (`roles_users`.user_id = 2 ) [0m
  [4;35;1mRole Columns (0.6ms)[0m   [0mSHOW FIELDS FROM `roles`[0m
  [4;36;1mSQL (0.1ms)[0m   [0;1mSET NAMES 'utf8'[0m
  [4;35;1mSQL (0.1ms)[0m   [0mSET SQL_AUTO_IS_NULL=0[0m
  [4;36;1mUnidade Load (0.1ms)[0m   [0;1mSELECT * FROM `unidades` WHERE (id=52) [0m
  [4;35;1mUnidade Columns (0.8ms)[0m   [0mSHOW FIELDS FROM `unidades`[0m
Completed in 240ms (View: 196, DB: 5) | 200 OK [http://localhost/]
  [4;36;1mSQL (0.1ms)[0m   [0;1mSET NAMES 'utf8'[0m
  [4;35;1mSQL (0.1ms)[0m   [0mSET SQL_AUTO_IS_NULL=0[0m


Processing ApplicationController#index (for 127.0.0.1 at 2018-05-23 12:08:09) [GET]

ActionController::RoutingError (No route matches "/stylesheets/style.css" with {:method=>:get}):
  

Rendering rescues/layout (not_found)
  [4;36;1mSQL (0.1ms)[0m   [0;1mSET NAMES 'utf8'[0m
  [4;35;1mSQL (0.1ms)[0m   [0mSET SQL_AUTO_IS_NULL=0[0m


Processing SessionsController#destroy (for 127.0.0.1 at 2018-05-23 12:08:16) [GET]
  [4;36;1mUser Columns (0.8ms)[0m   [0;1mSHOW FIELDS FROM `users`[0m
  [4;35;1mUser Load (3.5ms)[0m   [0mSELECT * FROM `users` WHERE (`users`.`id` = 2) LIMIT 1[0m
  [4;36;1mCurso Load (1.8ms)[0m   [0;1mSELECT * FROM `cursos` WHERE (status = 0) [0m
  [4;35;1mSQL (2.5ms)[0m   [0mBEGIN[0m
  [4;36;1mSQL (0.1ms)[0m   [0;1mCOMMIT[0m
Redirected to http://localhost:3000/
Completed in 62ms (DB: 9) | 302 Found [http://localhost/logout]
  [4;35;1mSQL (0.2ms)[0m   [0mSET NAMES 'utf8'[0m
  [4;36;1mSQL (0.1ms)[0m   [0;1mSET SQL_AUTO_IS_NULL=0[0m


Processing HomeController#index (for 127.0.0.1 at 2018-05-23 12:08:16) [GET]
Redirected to http://localhost:3000/session/new
Filter chain halted as [:login_required] rendered_or_redirected.
Completed in 16ms (DB: 0) | 302 Found [http://localhost/]
  [4;35;1mSQL (0.3ms)[0m   [0mSET NAMES 'utf8'[0m
  [4;36;1mSQL (0.1ms)[0m   [0;1mSET SQL_AUTO_IS_NULL=0[0m


Processing SessionsController#new (for 127.0.0.1 at 2018-05-23 12:08:16) [GET]
  [4;35;1mCurso Load (0.2ms)[0m   [0mSELECT * FROM `cursos` WHERE (status = 0) [0m
Rendering template within layouts/login
Rendering sessions/new
Completed in 167ms (View: 28, DB: 1) | 200 OK [http://localhost/session/new]
  [4;36;1mSQL (0.1ms)[0m   [0;1mSET NAMES 'utf8'[0m
  [4;35;1mSQL (0.1ms)[0m   [0mSET SQL_AUTO_IS_NULL=0[0m


Processing ReservarSalasController#dowloads (for 127.0.0.1 at 2018-05-23 12:08:19) [GET]
  [4;36;1mSala Load (0.2ms)[0m   [0;1mSELECT * FROM `salas` WHERE (status = 1) ORDER BY sala ASC[0m
  [4;35;1mServicosSala Load (0.2ms)[0m   [0mSELECT * FROM `servicos_salas` WHERE (status = 1) [0m
Rendering template within layouts/inscricao
Rendering reservar_salas/dowloads
  [4;36;1mInformativo Load (0.4ms)[0m   [0;1mSELECT * FROM `informativos` WHERE (starts_at <= '2018-05-23 15:08:19' AND ends_at >= '2018-05-23 15:08:19') [0m
Completed in 57ms (View: 31, DB: 1) | 200 OK [http://localhost/dowloads]
  [4;35;1mSQL (0.2ms)[0m   [0mSET NAMES 'utf8'[0m
  [4;36;1mSQL (0.1ms)[0m   [0;1mSET SQL_AUTO_IS_NULL=0[0m


Processing ApplicationController#index (for 127.0.0.1 at 2018-05-23 12:08:20) [GET]

ActionController::RoutingError (No route matches "/stylesheets/style.css" with {:method=>:get}):
  

Rendering rescues/layout (not_found)
  [4;35;1mSQL (0.1ms)[0m   [0mSET NAMES 'utf8'[0m
  [4;36;1mSQL (0.1ms)[0m   [0;1mSET SQL_AUTO_IS_NULL=0[0m


Processing HomeController#index (for 127.0.0.1 at 2018-05-23 13:03:34) [GET]
Redirected to http://localhost:3000/session/new
Filter chain halted as [:login_required] rendered_or_redirected.
Completed in 13ms (DB: 0) | 302 Found [http://localhost/]
  [4;35;1mSQL (0.1ms)[0m   [0mSET NAMES 'utf8'[0m
  [4;36;1mSQL (0.1ms)[0m   [0;1mSET SQL_AUTO_IS_NULL=0[0m


Processing SessionsController#new (for 127.0.0.1 at 2018-05-23 13:03:34) [GET]
  [4;35;1mCurso Load (0.3ms)[0m   [0mSELECT * FROM `cursos` WHERE (status = 0) [0m
Rendering template within layouts/login
Rendering sessions/new
Completed in 23ms (View: 7, DB: 1) | 200 OK [http://localhost/session/new]
  [4;36;1mSQL (0.1ms)[0m   [0;1mSET NAMES 'utf8'[0m
  [4;35;1mSQL (0.1ms)[0m   [0mSET SQL_AUTO_IS_NULL=0[0m


Processing ReservarSalasController#dowloads (for 127.0.0.1 at 2018-05-23 13:03:37) [GET]
  [4;36;1mSala Load (0.2ms)[0m   [0;1mSELECT * FROM `salas` WHERE (status = 1) ORDER BY sala ASC[0m
  [4;35;1mServicosSala Load (0.2ms)[0m   [0mSELECT * FROM `servicos_salas` WHERE (status = 1) [0m
Rendering template within layouts/inscricao
Rendering reservar_salas/dowloads
  [4;36;1mServicosSala Columns (0.6ms)[0m   [0;1mSHOW FIELDS FROM `servicos_salas`[0m
  [4;35;1mSala Columns (0.7ms)[0m   [0mSHOW FIELDS FROM `salas`[0m

ActionView::TemplateError (undefined local variable or method `uso_internet_path' for #<ActionView::Base:0x7f24799260e0>) on line #77 of app/views/reservar_salas/dowloads.html.erb:
74:                         <td><%= "#{ link_to " Plano Municipal de Educação", plano_educacao_path}"%></td>
75:                       </tr>
76:                       <tr>
77:                         <td><%= "#{ link_to " Uso da Internet", uso_internet_path}"%></td>
78:                       </tr>
79:                    </table>
80:                  </fieldset>

    app/views/reservar_salas/dowloads.html.erb:77

Rendered rescues/_trace (109.8ms)
Rendered rescues/_request_and_response (1.0ms)
Rendering rescues/layout (internal_server_error)
  [4;36;1mSQL (0.1ms)[0m   [0;1mSET NAMES 'utf8'[0m
  [4;35;1mSQL (0.1ms)[0m   [0mSET SQL_AUTO_IS_NULL=0[0m


Processing ReservarSalasController#dowloads (for 127.0.0.1 at 2018-05-23 13:04:53) [GET]
  [4;36;1mSala Load (0.2ms)[0m   [0;1mSELECT * FROM `salas` WHERE (status = 1) ORDER BY sala ASC[0m
  [4;35;1mServicosSala Load (0.4ms)[0m   [0mSELECT * FROM `servicos_salas` WHERE (status = 1) [0m
Rendering template within layouts/inscricao
Rendering reservar_salas/dowloads
  [4;36;1mInformativo Load (0.5ms)[0m   [0;1mSELECT * FROM `informativos` WHERE (starts_at <= '2018-05-23 16:04:54' AND ends_at >= '2018-05-23 16:04:54') [0m
Completed in 28ms (View: 9, DB: 1) | 200 OK [http://localhost/dowloads]
  [4;35;1mSQL (0.1ms)[0m   [0mSET NAMES 'utf8'[0m
  [4;36;1mSQL (0.1ms)[0m   [0;1mSET SQL_AUTO_IS_NULL=0[0m


Processing ApplicationController#index (for 127.0.0.1 at 2018-05-23 13:04:54) [GET]

ActionController::RoutingError (No route matches "/stylesheets/style.css" with {:method=>:get}):
  

Rendering rescues/layout (not_found)
  [4;35;1mSQL (0.1ms)[0m   [0mSET NAMES 'utf8'[0m
  [4;36;1mSQL (0.1ms)[0m   [0;1mSET SQL_AUTO_IS_NULL=0[0m


Processing ReservarSalasController#uso_internet (for 127.0.0.1 at 2018-05-23 13:04:58) [GET]
  [4;35;1mSala Load (0.2ms)[0m   [0mSELECT * FROM `salas` WHERE (status = 1) ORDER BY sala ASC[0m
  [4;36;1mServicosSala Load (0.2ms)[0m   [0;1mSELECT * FROM `servicos_salas` WHERE (status = 1) [0m

ActionController::MissingFile (Cannot read file /home/desenvolvimento/infoseduc/public/documentos/Uso_Internet.ppsx):
  app/controllers/reservar_salas_controller.rb:182:in `uso_internet'

Rendered rescues/_trace (24.5ms)
Rendered rescues/_request_and_response (0.3ms)
Rendering rescues/layout (internal_server_error)
  [4;35;1mSQL (0.1ms)[0m   [0mSET NAMES 'utf8'[0m
  [4;36;1mSQL (0.1ms)[0m   [0;1mSET SQL_AUTO_IS_NULL=0[0m


Processing ReservarSalasController#uso_internet (for 127.0.0.1 at 2018-05-23 13:06:32) [GET]
  [4;35;1mSala Load (0.2ms)[0m   [0mSELECT * FROM `salas` WHERE (status = 1) ORDER BY sala ASC[0m
  [4;36;1mServicosSala Load (0.3ms)[0m   [0;1mSELECT * FROM `servicos_salas` WHERE (status = 1) [0m
Completed in 111ms (View: 1, DB: 1) | 200 OK [http://localhost/uso_internet]
Streaming file /home/desenvolvimento/infoseduc/public/documentos/Uso_Internet.ppsx
  [4;36;1mSQL (0.2ms)[0m   [0;1mSET NAMES 'utf8'[0m
  [4;35;1mSQL (0.1ms)[0m   [0mSET SQL_AUTO_IS_NULL=0[0m


Processing HomeController#index (for 127.0.0.1 at 2018-05-28 09:17:36) [GET]
Redirected to http://localhost:3000/session/new
Filter chain halted as [:login_required] rendered_or_redirected.
Completed in 45ms (DB: 0) | 302 Found [http://localhost/]
  [4;36;1mSQL (0.1ms)[0m   [0;1mSET NAMES 'utf8'[0m
  [4;35;1mSQL (0.1ms)[0m   [0mSET SQL_AUTO_IS_NULL=0[0m


Processing SessionsController#new (for 127.0.0.1 at 2018-05-28 09:17:36) [GET]
  [4;36;1mCurso Load (0.5ms)[0m   [0;1mSELECT * FROM `cursos` WHERE (status = 0) [0m
Rendering template within layouts/login
Rendering sessions/new
Completed in 130ms (View: 112, DB: 1) | 200 OK [http://localhost/session/new]
  [4;35;1mSQL (0.2ms)[0m   [0mSET NAMES 'utf8'[0m
  [4;36;1mSQL (0.1ms)[0m   [0;1mSET SQL_AUTO_IS_NULL=0[0m


Processing SessionsController#new (for 127.0.0.1 at 2018-05-28 09:22:44) [GET]
  [4;35;1mCurso Load (0.2ms)[0m   [0mSELECT * FROM `cursos` WHERE (status = 0) [0m
Rendering template within layouts/login
Rendering sessions/new
Completed in 28ms (View: 12, DB: 1) | 200 OK [http://localhost/session/new]
  [4;36;1mSQL (0.1ms)[0m   [0;1mSET NAMES 'utf8'[0m
  [4;35;1mSQL (0.1ms)[0m   [0mSET SQL_AUTO_IS_NULL=0[0m


Processing SessionsController#new (for 127.0.0.1 at 2018-05-28 09:24:04) [GET]
  [4;36;1mCurso Load (0.1ms)[0m   [0;1mSELECT * FROM `cursos` WHERE (status = 0) [0m
Rendering template within layouts/login
Rendering sessions/new
Completed in 42ms (View: 16, DB: 0) | 200 OK [http://localhost/session/new]
  [4;35;1mSQL (0.1ms)[0m   [0mSET NAMES 'utf8'[0m
  [4;36;1mSQL (0.1ms)[0m   [0;1mSET SQL_AUTO_IS_NULL=0[0m


Processing SessionsController#new (for 127.0.0.1 at 2018-05-28 09:25:14) [GET]
  [4;35;1mCurso Load (0.5ms)[0m   [0mSELECT * FROM `cursos` WHERE (status = 0) [0m
Rendering template within layouts/login
Rendering sessions/new
  [4;36;1mCurso Columns (0.9ms)[0m   [0;1mSHOW FIELDS FROM `cursos`[0m
Completed in 125ms (View: 107, DB: 2) | 200 OK [http://localhost/session/new]
  [4;35;1mSQL (0.1ms)[0m   [0mSET NAMES 'utf8'[0m
  [4;36;1mSQL (0.1ms)[0m   [0;1mSET SQL_AUTO_IS_NULL=0[0m


Processing SessionsController#new (for 127.0.0.1 at 2018-05-28 09:25:46) [GET]
  [4;35;1mCurso Load (0.2ms)[0m   [0mSELECT * FROM `cursos` WHERE (status = 0) [0m
Rendering template within layouts/login
Rendering sessions/new
  [4;36;1mCurso Columns (0.8ms)[0m   [0;1mSHOW FIELDS FROM `cursos`[0m
Completed in 32ms (View: 14, DB: 1) | 200 OK [http://localhost/session/new]
  [4;35;1mSQL (0.1ms)[0m   [0mSET NAMES 'utf8'[0m
  [4;36;1mSQL (0.1ms)[0m   [0;1mSET SQL_AUTO_IS_NULL=0[0m


Processing SessionsController#new (for 127.0.0.1 at 2018-05-28 09:26:07) [GET]
  [4;35;1mCurso Load (0.4ms)[0m   [0mSELECT * FROM `cursos` WHERE (status = 0) [0m
Rendering template within layouts/login
Rendering sessions/new
  [4;36;1mCurso Columns (0.7ms)[0m   [0;1mSHOW FIELDS FROM `cursos`[0m
Completed in 39ms (View: 17, DB: 1) | 200 OK [http://localhost/session/new]
  [4;36;1mSQL (0.1ms)[0m   [0;1mSET NAMES 'utf8'[0m
  [4;35;1mSQL (0.3ms)[0m   [0mSET SQL_AUTO_IS_NULL=0[0m


Processing HomeController#index (for 127.0.0.1 at 2018-06-20 11:39:45) [GET]
Redirected to http://localhost:3001/session/new
Filter chain halted as [:login_required] rendered_or_redirected.
Completed in 15ms (DB: 0) | 302 Found [http://localhost/]
  [4;36;1mSQL (0.1ms)[0m   [0;1mSET NAMES 'utf8'[0m
  [4;35;1mSQL (0.1ms)[0m   [0mSET SQL_AUTO_IS_NULL=0[0m


Processing SessionsController#new (for 127.0.0.1 at 2018-06-20 11:39:45) [GET]
  [4;36;1mCurso Load (0.5ms)[0m   [0;1mSELECT * FROM `cursos` WHERE (status = 0) [0m
Rendering template within layouts/login
Rendering sessions/new
  [4;35;1mCurso Columns (0.8ms)[0m   [0mSHOW FIELDS FROM `cursos`[0m
Completed in 150ms (View: 132, DB: 2) | 200 OK [http://localhost/session/new]
  [4;36;1mSQL (0.2ms)[0m   [0;1mSET NAMES 'utf8'[0m
  [4;35;1mSQL (0.1ms)[0m   [0mSET SQL_AUTO_IS_NULL=0[0m


Processing SessionsController#informatica (for 127.0.0.1 at 2018-06-20 11:39:47) [GET]
  [4;36;1mCurso Load (0.2ms)[0m   [0;1mSELECT * FROM `cursos` WHERE (status = 0) [0m
Rendering template within layouts/login
Rendering sessions/informatica
Completed in 43ms (View: 22, DB: 1) | 200 OK [http://localhost/informatica]
  [4;35;1mSQL (0.1ms)[0m   [0mSET NAMES 'utf8'[0m
  [4;36;1mSQL (0.1ms)[0m   [0;1mSET SQL_AUTO_IS_NULL=0[0m


Processing SessionsController#create (for 127.0.0.1 at 2018-06-20 11:39:53) [POST]
  Parameters: {"commit"=>"Entrar", "authenticity_token"=>"g+YdnrrPR2gXc5pqTyYEUzpQPpNh+ionvldrsx6N84s=", "password"=>"musand12", "login"=>"ngarcia"}
  [4;35;1mCurso Load (0.1ms)[0m   [0mSELECT * FROM `cursos` WHERE (status = 0) [0m
  [4;36;1mUser Load (0.4ms)[0m   [0;1mSELECT * FROM `users` WHERE (login = 'ngarcia' and activated_at IS NOT NULL) LIMIT 1[0m
  [4;35;1mUser Columns (0.6ms)[0m   [0mSHOW FIELDS FROM `users`[0m
Redirected to http://localhost:3001/
Completed in 102ms (DB: 1) | 302 Found [http://localhost/session]
  [4;36;1mSQL (0.1ms)[0m   [0;1mSET NAMES 'utf8'[0m
  [4;35;1mSQL (0.0ms)[0m   [0mSET SQL_AUTO_IS_NULL=0[0m


Processing HomeController#index (for 127.0.0.1 at 2018-06-20 11:39:53) [GET]
  [4;36;1mUser Columns (1.5ms)[0m   [0;1mSHOW FIELDS FROM `users`[0m
  [4;35;1mUser Load (0.4ms)[0m   [0mSELECT * FROM `users` WHERE (`users`.`id` = 2) LIMIT 1[0m
Rendering template within layouts/application
Rendering home/index
  [4;36;1mInformativo Load (0.6ms)[0m   [0;1mSELECT * FROM `informativos` WHERE (starts_at <= '2018-06-20 14:39:53' AND ends_at >= '2018-06-20 14:39:53') [0m
  [4;35;1mroles_users Columns (1.3ms)[0m   [0mSHOW FIELDS FROM `roles_users`[0m
  [4;36;1mRole Load (0.5ms)[0m   [0;1mSELECT * FROM `roles` INNER JOIN `roles_users` ON `roles`.id = `roles_users`.role_id WHERE (`roles_users`.user_id = 2 ) [0m
  [4;35;1mRole Columns (0.8ms)[0m   [0mSHOW FIELDS FROM `roles`[0m
  [4;36;1mSQL (0.1ms)[0m   [0;1mSET NAMES 'utf8'[0m
  [4;35;1mSQL (0.1ms)[0m   [0mSET SQL_AUTO_IS_NULL=0[0m
  [4;36;1mUnidade Load (0.4ms)[0m   [0;1mSELECT * FROM `unidades` WHERE (id=52) [0m
  [4;35;1mUnidade Columns (0.6ms)[0m   [0mSHOW FIELDS FROM `unidades`[0m
Completed in 272ms (View: 250, DB: 5) | 200 OK [http://localhost/]
  [4;36;1mSQL (0.1ms)[0m   [0;1mSET NAMES 'utf8'[0m
  [4;35;1mSQL (0.1ms)[0m   [0mSET SQL_AUTO_IS_NULL=0[0m


Processing ApplicationController#index (for 127.0.0.1 at 2018-06-20 11:39:54) [GET]

ActionController::RoutingError (No route matches "/stylesheets/style.css" with {:method=>:get}):
  

Rendering rescues/layout (not_found)
  [4;36;1mSQL (0.1ms)[0m   [0;1mSET NAMES 'utf8'[0m
  [4;35;1mSQL (0.1ms)[0m   [0mSET SQL_AUTO_IS_NULL=0[0m


Processing ChamadosController#index (for 127.0.0.1 at 2018-06-20 11:40:00) [GET]
  [4;36;1mUser Columns (0.9ms)[0m   [0;1mSHOW FIELDS FROM `users`[0m
  [4;35;1mUser Load (0.1ms)[0m   [0mSELECT * FROM `users` WHERE (`users`.`id` = 2) LIMIT 1[0m
  [4;36;1mSQL (0.1ms)[0m   [0;1mSET NAMES 'utf8'[0m
  [4;35;1mSQL (0.1ms)[0m   [0mSET SQL_AUTO_IS_NULL=0[0m
  [4;36;1mUnidade Load (1.5ms)[0m   [0;1mSELECT * FROM `unidades` ORDER BY nome ASC[0m
  [4;35;1mChamado Load (1.6ms)[0m   [0mSELECT * FROM `chamados` WHERE (situacao_chamado_id != 12) ORDER BY id ASC[0m
  [4;36;1mEstagiario Load (5.7ms)[0m   [0;1mSELECT * FROM `estagiarios` WHERE (desligado=0) ORDER BY nome ASC[0m
  [4;35;1mEstagiario Load (1.0ms)[0m   [0mSELECT * FROM `estagiarios` WHERE (desligado=0 and unidade_id=53 and id<>2 and id<>47) ORDER BY nome ASC[0m
  [4;36;1mSituacaoChamado Load (0.3ms)[0m   [0;1mSELECT * FROM `situacao_chamados` [0m
  [4;35;1mTiposProblema Load (1.8ms)[0m   [0mSELECT * FROM `tipos_problemas` [0m
  [4;36;1mChamado Load (1.7ms)[0m   [0;1mSELECT * FROM `chamados` [0m
Rendering template within layouts/application
Rendering chamados/index
  [4;35;1mChamado Columns (0.7ms)[0m   [0mSHOW FIELDS FROM `chamados`[0m
  [4;36;1mSQL (0.5ms)[0m   [0;1mSELECT count(*) AS count_all FROM `chamados` WHERE (situacao_chamado_id = 1) [0m
  [4;35;1mSQL (0.2ms)[0m   [0mSELECT count(*) AS count_all FROM `chamados` WHERE (situacao_chamado_id = 6) [0m
  [4;36;1mroles_users Columns (0.7ms)[0m   [0;1mSHOW FIELDS FROM `roles_users`[0m
  [4;35;1mRole Load (0.1ms)[0m   [0mSELECT * FROM `roles` INNER JOIN `roles_users` ON `roles`.id = `roles_users`.role_id WHERE (`roles_users`.user_id = 2 ) [0m
  [4;36;1mRole Columns (0.5ms)[0m   [0;1mSHOW FIELDS FROM `roles`[0m
  [4;35;1mChamado Load (1.0ms)[0m   [0mSELECT * FROM `chamados` WHERE (situacao_chamado_id != 12) ORDER BY situacao_chamado_id,data_sol DESC[0m
  [4;36;1mUnidade Columns (0.9ms)[0m   [0;1mSHOW FIELDS FROM `unidades`[0m
  [4;35;1mUnidade Load (0.3ms)[0m   [0mSELECT * FROM `unidades` WHERE (`unidades`.`id` = 43) [0m
  [4;36;1mSituacaoChamado Columns (1.0ms)[0m   [0;1mSHOW FIELDS FROM `situacao_chamados`[0m
  [4;35;1mSituacaoChamado Load (0.6ms)[0m   [0mSELECT * FROM `situacao_chamados` WHERE (`situacao_chamados`.`id` = 1) [0m
  [4;36;1mUnidade Load (0.4ms)[0m   [0;1mSELECT * FROM `unidades` WHERE (`unidades`.`id` = 47) [0m
  [4;35;1mCACHE (0.0ms)[0m   [0mSELECT * FROM `situacao_chamados` WHERE (`situacao_chamados`.`id` = 1) [0m
  [4;36;1mUnidade Load (0.3ms)[0m   [0;1mSELECT * FROM `unidades` WHERE (`unidades`.`id` = 11) [0m
  [4;35;1mCACHE (0.0ms)[0m   [0mSELECT * FROM `situacao_chamados` WHERE (`situacao_chamados`.`id` = 1) [0m
  [4;36;1mUnidade Load (0.3ms)[0m   [0;1mSELECT * FROM `unidades` WHERE (`unidades`.`id` = 33) [0m
  [4;35;1mCACHE (0.0ms)[0m   [0mSELECT * FROM `situacao_chamados` WHERE (`situacao_chamados`.`id` = 1) [0m
  [4;36;1mUnidade Load (0.4ms)[0m   [0;1mSELECT * FROM `unidades` WHERE (`unidades`.`id` = 49) [0m
  [4;35;1mCACHE (0.0ms)[0m   [0mSELECT * FROM `situacao_chamados` WHERE (`situacao_chamados`.`id` = 1) [0m
  [4;36;1mUnidade Load (0.3ms)[0m   [0;1mSELECT * FROM `unidades` WHERE (`unidades`.`id` = 62) [0m
  [4;35;1mCACHE (0.0ms)[0m   [0mSELECT * FROM `situacao_chamados` WHERE (`situacao_chamados`.`id` = 1) [0m
  [4;36;1mUnidade Load (0.1ms)[0m   [0;1mSELECT * FROM `unidades` WHERE (`unidades`.`id` = 43) [0m
  [4;35;1mCACHE (0.0ms)[0m   [0mSELECT * FROM `situacao_chamados` WHERE (`situacao_chamados`.`id` = 1) [0m
  [4;36;1mUnidade Load (0.3ms)[0m   [0;1mSELECT * FROM `unidades` WHERE (`unidades`.`id` = 29) [0m
  [4;35;1mTiposProblema Columns (1.5ms)[0m   [0mSHOW FIELDS FROM `tipos_problemas`[0m
  [4;36;1mTiposProblema Load (0.5ms)[0m   [0;1mSELECT * FROM `tipos_problemas` WHERE (`tipos_problemas`.`id` = 10) [0m
  [4;35;1mCACHE (0.0ms)[0m   [0mSELECT * FROM `situacao_chamados` WHERE (`situacao_chamados`.`id` = 1) [0m
  [4;36;1mUnidade Load (0.3ms)[0m   [0;1mSELECT * FROM `unidades` WHERE (`unidades`.`id` = 47) [0m
  [4;35;1mCACHE (0.0ms)[0m   [0mSELECT * FROM `situacao_chamados` WHERE (`situacao_chamados`.`id` = 1) [0m
  [4;36;1mUnidade Load (0.6ms)[0m   [0;1mSELECT * FROM `unidades` WHERE (`unidades`.`id` = 28) [0m
  [4;35;1mCACHE (0.0ms)[0m   [0mSELECT * FROM `situacao_chamados` WHERE (`situacao_chamados`.`id` = 1) [0m
  [4;36;1mUnidade Load (0.6ms)[0m   [0;1mSELECT * FROM `unidades` WHERE (`unidades`.`id` = 2) [0m
  [4;35;1mCACHE (0.0ms)[0m   [0mSELECT * FROM `situacao_chamados` WHERE (`situacao_chamados`.`id` = 1) [0m
  [4;36;1mUnidade Load (0.2ms)[0m   [0;1mSELECT * FROM `unidades` WHERE (`unidades`.`id` = 47) [0m
  [4;35;1mCACHE (0.0ms)[0m   [0mSELECT * FROM `situacao_chamados` WHERE (`situacao_chamados`.`id` = 1) [0m
  [4;36;1mUnidade Load (0.5ms)[0m   [0;1mSELECT * FROM `unidades` WHERE (`unidades`.`id` = 50) [0m
  [4;35;1mCACHE (0.0ms)[0m   [0mSELECT * FROM `situacao_chamados` WHERE (`situacao_chamados`.`id` = 1) [0m
  [4;36;1mUnidade Load (0.7ms)[0m   [0;1mSELECT * FROM `unidades` WHERE (`unidades`.`id` = 3) [0m
  [4;35;1mCACHE (0.0ms)[0m   [0mSELECT * FROM `situacao_chamados` WHERE (`situacao_chamados`.`id` = 1) [0m
  [4;36;1mUnidade Load (0.2ms)[0m   [0;1mSELECT * FROM `unidades` WHERE (`unidades`.`id` = 47) [0m
  [4;35;1mCACHE (0.0ms)[0m   [0mSELECT * FROM `situacao_chamados` WHERE (`situacao_chamados`.`id` = 1) [0m
  [4;36;1mUnidade Load (0.3ms)[0m   [0;1mSELECT * FROM `unidades` WHERE (`unidades`.`id` = 4) [0m
  [4;35;1mTiposProblema Load (0.1ms)[0m   [0mSELECT * FROM `tipos_problemas` WHERE (`tipos_problemas`.`id` = 5) [0m
  [4;36;1mSituacaoChamado Load (0.1ms)[0m   [0;1mSELECT * FROM `situacao_chamados` WHERE (`situacao_chamados`.`id` = 2) [0m
  [4;35;1mUnidade Load (0.2ms)[0m   [0mSELECT * FROM `unidades` WHERE (`unidades`.`id` = 47) [0m
  [4;36;1mCACHE (0.0ms)[0m   [0;1mSELECT * FROM `situacao_chamados` WHERE (`situacao_chamados`.`id` = 2) [0m
  [4;35;1mUnidade Load (0.4ms)[0m   [0mSELECT * FROM `unidades` WHERE (`unidades`.`id` = 19) [0m
  [4;36;1mTiposProblema Load (0.2ms)[0m   [0;1mSELECT * FROM `tipos_problemas` WHERE (`tipos_problemas`.`id` = 2) [0m
  [4;35;1mCACHE (0.0ms)[0m   [0mSELECT * FROM `situacao_chamados` WHERE (`situacao_chamados`.`id` = 2) [0m
  [4;36;1mUnidade Load (0.1ms)[0m   [0;1mSELECT * FROM `unidades` WHERE (`unidades`.`id` = 3) [0m
  [4;35;1mCACHE (0.0ms)[0m   [0mSELECT * FROM `tipos_problemas` WHERE (`tipos_problemas`.`id` = 5) [0m
  [4;36;1mCACHE (0.0ms)[0m   [0;1mSELECT * FROM `situacao_chamados` WHERE (`situacao_chamados`.`id` = 2) [0m
  [4;35;1mUnidade Load (0.4ms)[0m   [0mSELECT * FROM `unidades` WHERE (`unidades`.`id` = 20) [0m
  [4;36;1mCACHE (0.0ms)[0m   [0;1mSELECT * FROM `tipos_problemas` WHERE (`tipos_problemas`.`id` = 2) [0m
  [4;35;1mCACHE (0.0ms)[0m   [0mSELECT * FROM `situacao_chamados` WHERE (`situacao_chamados`.`id` = 2) [0m
  [4;36;1mUnidade Load (0.2ms)[0m   [0;1mSELECT * FROM `unidades` WHERE (`unidades`.`id` = 47) [0m
  [4;35;1mSituacaoChamado Load (0.2ms)[0m   [0mSELECT * FROM `situacao_chamados` WHERE (`situacao_chamados`.`id` = 3) [0m
  [4;36;1mUnidade Load (0.4ms)[0m   [0;1mSELECT * FROM `unidades` WHERE (`unidades`.`id` = 44) [0m
  [4;35;1mCACHE (0.0ms)[0m   [0mSELECT * FROM `situacao_chamados` WHERE (`situacao_chamados`.`id` = 3) [0m
  [4;36;1mCACHE (0.0ms)[0m   [0;1mSELECT * FROM `situacao_chamados` WHERE (`situacao_chamados`.`id` = 3) [0m
  [4;35;1mUnidade Load (0.2ms)[0m   [0mSELECT * FROM `unidades` WHERE (`unidades`.`id` = 3) [0m
  [4;36;1mTiposProblema Load (0.3ms)[0m   [0;1mSELECT * FROM `tipos_problemas` WHERE (`tipos_problemas`.`id` = 9) [0m
  [4;35;1mCACHE (0.0ms)[0m   [0mSELECT * FROM `situacao_chamados` WHERE (`situacao_chamados`.`id` = 3) [0m
  [4;36;1mUnidade Load (0.2ms)[0m   [0;1mSELECT * FROM `unidades` WHERE (`unidades`.`id` = 47) [0m
  [4;35;1mCACHE (0.0ms)[0m   [0mSELECT * FROM `tipos_problemas` WHERE (`tipos_problemas`.`id` = 2) [0m
  [4;36;1mCACHE (0.0ms)[0m   [0;1mSELECT * FROM `situacao_chamados` WHERE (`situacao_chamados`.`id` = 3) [0m
  [4;35;1mUnidade Load (0.5ms)[0m   [0mSELECT * FROM `unidades` WHERE (`unidades`.`id` = 52) [0m
  [4;36;1mCACHE (0.0ms)[0m   [0;1mSELECT * FROM `tipos_problemas` WHERE (`tipos_problemas`.`id` = 2) [0m
  [4;35;1mCACHE (0.0ms)[0m   [0mSELECT * FROM `situacao_chamados` WHERE (`situacao_chamados`.`id` = 3) [0m
  [4;36;1mUnidade Load (0.3ms)[0m   [0;1mSELECT * FROM `unidades` WHERE (`unidades`.`id` = 44) [0m
  [4;35;1mCACHE (0.0ms)[0m   [0mSELECT * FROM `tipos_problemas` WHERE (`tipos_problemas`.`id` = 9) [0m
  [4;36;1mCACHE (0.0ms)[0m   [0;1mSELECT * FROM `situacao_chamados` WHERE (`situacao_chamados`.`id` = 3) [0m
  [4;35;1mUnidade Load (0.2ms)[0m   [0mSELECT * FROM `unidades` WHERE (`unidades`.`id` = 47) [0m
  [4;36;1mCACHE (0.0ms)[0m   [0;1mSELECT * FROM `tipos_problemas` WHERE (`tipos_problemas`.`id` = 5) [0m
  [4;35;1mSituacaoChamado Load (0.3ms)[0m   [0mSELECT * FROM `situacao_chamados` WHERE (`situacao_chamados`.`id` = 5) [0m
  [4;36;1mUnidade Load (0.4ms)[0m   [0;1mSELECT * FROM `unidades` WHERE (`unidades`.`id` = 24) [0m
  [4;35;1mTiposProblema Load (0.7ms)[0m   [0mSELECT * FROM `tipos_problemas` WHERE (`tipos_problemas`.`id` = 8) [0m
  [4;36;1mCACHE (0.0ms)[0m   [0;1mSELECT * FROM `situacao_chamados` WHERE (`situacao_chamados`.`id` = 5) [0m
  [4;35;1mUnidade Load (0.1ms)[0m   [0mSELECT * FROM `unidades` WHERE (`unidades`.`id` = 62) [0m
  [4;36;1mCACHE (0.0ms)[0m   [0;1mSELECT * FROM `tipos_problemas` WHERE (`tipos_problemas`.`id` = 9) [0m
  [4;35;1mSituacaoChamado Load (0.3ms)[0m   [0mSELECT * FROM `situacao_chamados` WHERE (`situacao_chamados`.`id` = 9) [0m
  [4;36;1mUnidade Load (0.3ms)[0m   [0;1mSELECT * FROM `unidades` WHERE (`unidades`.`id` = 50) [0m
  [4;35;1mCACHE (0.0ms)[0m   [0mSELECT * FROM `tipos_problemas` WHERE (`tipos_problemas`.`id` = 5) [0m
  [4;36;1mCACHE (0.0ms)[0m   [0;1mSELECT * FROM `situacao_chamados` WHERE (`situacao_chamados`.`id` = 9) [0m
  [4;35;1mUnidade Load (0.7ms)[0m   [0mSELECT * FROM `unidades` WHERE (`unidades`.`id` = 42) [0m
  [4;36;1mCACHE (0.0ms)[0m   [0;1mSELECT * FROM `tipos_problemas` WHERE (`tipos_problemas`.`id` = 2) [0m
  [4;35;1mSituacaoChamado Load (0.5ms)[0m   [0mSELECT * FROM `situacao_chamados` WHERE (`situacao_chamados`.`id` = 10) [0m
  [4;36;1mUnidade Load (0.5ms)[0m   [0;1mSELECT * FROM `unidades` WHERE (`unidades`.`id` = 45) [0m
  [4;35;1mCACHE (0.0ms)[0m   [0mSELECT * FROM `tipos_problemas` WHERE (`tipos_problemas`.`id` = 2) [0m
  [4;36;1mCACHE (0.0ms)[0m   [0;1mSELECT * FROM `situacao_chamados` WHERE (`situacao_chamados`.`id` = 10) [0m
  [4;35;1mUnidade Load (0.3ms)[0m   [0mSELECT * FROM `unidades` WHERE (`unidades`.`id` = 45) [0m
  [4;36;1mCACHE (0.0ms)[0m   [0;1mSELECT * FROM `tipos_problemas` WHERE (`tipos_problemas`.`id` = 2) [0m
  [4;35;1mCACHE (0.0ms)[0m   [0mSELECT * FROM `situacao_chamados` WHERE (`situacao_chamados`.`id` = 10) [0m
  [4;36;1mUnidade Load (0.2ms)[0m   [0;1mSELECT * FROM `unidades` WHERE (`unidades`.`id` = 52) [0m
  [4;35;1mCACHE (0.0ms)[0m   [0mSELECT * FROM `tipos_problemas` WHERE (`tipos_problemas`.`id` = 2) [0m
  [4;36;1mCACHE (0.0ms)[0m   [0;1mSELECT * FROM `situacao_chamados` WHERE (`situacao_chamados`.`id` = 10) [0m
  [4;35;1mUnidade Load (0.2ms)[0m   [0mSELECT * FROM `unidades` WHERE (`unidades`.`id` = 50) [0m
  [4;36;1mCACHE (0.0ms)[0m   [0;1mSELECT * FROM `tipos_problemas` WHERE (`tipos_problemas`.`id` = 2) [0m
  [4;35;1mCACHE (0.0ms)[0m   [0mSELECT * FROM `situacao_chamados` WHERE (`situacao_chamados`.`id` = 10) [0m
  [4;36;1mUnidade Load (0.3ms)[0m   [0;1mSELECT * FROM `unidades` WHERE (`unidades`.`id` = 52) [0m
  [4;35;1mCACHE (0.0ms)[0m   [0mSELECT * FROM `tipos_problemas` WHERE (`tipos_problemas`.`id` = 2) [0m
  [4;36;1mCACHE (0.0ms)[0m   [0;1mSELECT * FROM `situacao_chamados` WHERE (`situacao_chamados`.`id` = 10) [0m
  [4;35;1mUnidade Load (0.3ms)[0m   [0mSELECT * FROM `unidades` WHERE (`unidades`.`id` = 52) [0m
  [4;36;1mCACHE (0.0ms)[0m   [0;1mSELECT * FROM `tipos_problemas` WHERE (`tipos_problemas`.`id` = 2) [0m
  [4;35;1mCACHE (0.0ms)[0m   [0mSELECT * FROM `situacao_chamados` WHERE (`situacao_chamados`.`id` = 10) [0m
  [4;36;1mUnidade Load (0.6ms)[0m   [0;1mSELECT * FROM `unidades` WHERE (`unidades`.`id` = 48) [0m
  [4;35;1mCACHE (0.0ms)[0m   [0mSELECT * FROM `tipos_problemas` WHERE (`tipos_problemas`.`id` = 2) [0m
  [4;36;1mCACHE (0.0ms)[0m   [0;1mSELECT * FROM `situacao_chamados` WHERE (`situacao_chamados`.`id` = 10) [0m
  [4;35;1mUnidade Load (0.3ms)[0m   [0mSELECT * FROM `unidades` WHERE (`unidades`.`id` = 62) [0m
  [4;36;1mCACHE (0.0ms)[0m   [0;1mSELECT * FROM `tipos_problemas` WHERE (`tipos_problemas`.`id` = 2) [0m
  [4;35;1mSituacaoChamado Load (0.6ms)[0m   [0mSELECT * FROM `situacao_chamados` WHERE (`situacao_chamados`.`id` = 13) [0m
  [4;36;1mEstagiario Columns (1.7ms)[0m   [0;1mSHOW FIELDS FROM `estagiarios`[0m
  [4;35;1mEstagiario Load (0.6ms)[0m   [0mSELECT * FROM `estagiarios` WHERE (`estagiarios`.`id` = 223) [0m
  [4;36;1mCACHE (0.0ms)[0m   [0;1mSELECT count(*) AS count_all FROM `chamados` WHERE (situacao_chamado_id = 1) [0m
  [4;35;1mCACHE (0.0ms)[0m   [0mSELECT count(*) AS count_all FROM `chamados` WHERE (situacao_chamado_id = 6) [0m
  [4;36;1mSQL (0.9ms)[0m   [0;1mSELECT count(*) AS count_all FROM `chamados` WHERE (situacao_chamado_id = 12) [0m
  [4;35;1mSQL (0.6ms)[0m   [0mSELECT count(*) AS count_all FROM `chamados` WHERE (situacao_chamado_id = 3) [0m
  [4;36;1mSQL (0.6ms)[0m   [0;1mSELECT count(*) AS count_all FROM `chamados` WHERE (situacao_chamado_id = 4) [0m
  [4;35;1mSQL (0.4ms)[0m   [0mSELECT count(*) AS count_all FROM `chamados` WHERE (situacao_chamado_id = 5) [0m
  [4;36;1mSQL (0.4ms)[0m   [0;1mSELECT count(*) AS count_all FROM `chamados` WHERE (situacao_chamado_id = 7) [0m
  [4;35;1mInformativo Load (1.0ms)[0m   [0mSELECT * FROM `informativos` WHERE (starts_at <= '2018-06-20 14:40:00' AND ends_at >= '2018-06-20 14:40:00') [0m
  [4;36;1mUnidade Load (0.2ms)[0m   [0;1mSELECT * FROM `unidades` WHERE (id=52) [0m
Completed in 613ms (View: 421, DB: 30) | 200 OK [http://localhost/chamados]
  [4;35;1mSQL (0.1ms)[0m   [0mSET NAMES 'utf8'[0m
  [4;36;1mSQL (0.1ms)[0m   [0;1mSET SQL_AUTO_IS_NULL=0[0m


Processing ApplicationController#index (for 127.0.0.1 at 2018-06-20 11:40:01) [GET]

ActionController::RoutingError (No route matches "/stylesheets/style.css" with {:method=>:get}):
  

Rendering rescues/layout (not_found)
  [4;35;1mSQL (0.2ms)[0m   [0mSET NAMES 'utf8'[0m
  [4;36;1mSQL (0.1ms)[0m   [0;1mSET SQL_AUTO_IS_NULL=0[0m


Processing HomeController#index (for 127.0.0.1 at 2018-06-20 11:43:57) [GET]
  [4;35;1mUser Columns (0.8ms)[0m   [0mSHOW FIELDS FROM `users`[0m
  [4;36;1mUser Load (0.1ms)[0m   [0;1mSELECT * FROM `users` WHERE (`users`.`id` = 2) LIMIT 1[0m
Rendering template within layouts/application
Rendering home/index
  [4;35;1mInformativo Load (0.4ms)[0m   [0mSELECT * FROM `informativos` WHERE (starts_at <= '2018-06-20 14:43:57' AND ends_at >= '2018-06-20 14:43:57') [0m
  [4;36;1mroles_users Columns (0.6ms)[0m   [0;1mSHOW FIELDS FROM `roles_users`[0m
  [4;35;1mRole Load (0.1ms)[0m   [0mSELECT * FROM `roles` INNER JOIN `roles_users` ON `roles`.id = `roles_users`.role_id WHERE (`roles_users`.user_id = 2 ) [0m
  [4;36;1mRole Columns (0.3ms)[0m   [0;1mSHOW FIELDS FROM `roles`[0m
  [4;35;1mSQL (0.1ms)[0m   [0mSET NAMES 'utf8'[0m
  [4;36;1mSQL (0.1ms)[0m   [0;1mSET SQL_AUTO_IS_NULL=0[0m
  [4;35;1mUnidade Load (0.1ms)[0m   [0mSELECT * FROM `unidades` WHERE (id=52) [0m
  [4;36;1mUnidade Columns (0.6ms)[0m   [0;1mSHOW FIELDS FROM `unidades`[0m
Completed in 141ms (View: 124, DB: 3) | 200 OK [http://localhost/]
  [4;35;1mSQL (0.1ms)[0m   [0mSET NAMES 'utf8'[0m
  [4;36;1mSQL (0.1ms)[0m   [0;1mSET SQL_AUTO_IS_NULL=0[0m


Processing ApplicationController#index (for 127.0.0.1 at 2018-06-20 11:43:57) [GET]

ActionController::RoutingError (No route matches "/stylesheets/style.css" with {:method=>:get}):
  

Rendering rescues/layout (not_found)
  [4;35;1mSQL (0.1ms)[0m   [0mSET NAMES 'utf8'[0m
  [4;36;1mSQL (0.1ms)[0m   [0;1mSET SQL_AUTO_IS_NULL=0[0m


Processing ChamadosController#index (for 127.0.0.1 at 2018-06-20 11:44:03) [GET]
  [4;35;1mUser Columns (1.2ms)[0m   [0mSHOW FIELDS FROM `users`[0m
  [4;36;1mUser Load (0.1ms)[0m   [0;1mSELECT * FROM `users` WHERE (`users`.`id` = 2) LIMIT 1[0m
  [4;35;1mSQL (0.1ms)[0m   [0mSET NAMES 'utf8'[0m
  [4;36;1mSQL (0.1ms)[0m   [0;1mSET SQL_AUTO_IS_NULL=0[0m
  [4;35;1mUnidade Load (0.2ms)[0m   [0mSELECT * FROM `unidades` ORDER BY nome ASC[0m
  [4;36;1mChamado Load (2.1ms)[0m   [0;1mSELECT * FROM `chamados` WHERE (situacao_chamado_id != 12) ORDER BY id ASC[0m
  [4;35;1mEstagiario Load (0.5ms)[0m   [0mSELECT * FROM `estagiarios` WHERE (desligado=0) ORDER BY nome ASC[0m
  [4;36;1mEstagiario Load (0.1ms)[0m   [0;1mSELECT * FROM `estagiarios` WHERE (desligado=0 and unidade_id=53 and id<>2 and id<>47) ORDER BY nome ASC[0m
  [4;35;1mSituacaoChamado Load (0.1ms)[0m   [0mSELECT * FROM `situacao_chamados` [0m
  [4;36;1mTiposProblema Load (0.2ms)[0m   [0;1mSELECT * FROM `tipos_problemas` [0m
  [4;35;1mChamado Load (1.5ms)[0m   [0mSELECT * FROM `chamados` [0m
Rendering template within layouts/application
Rendering chamados/index
  [4;36;1mChamado Columns (0.7ms)[0m   [0;1mSHOW FIELDS FROM `chamados`[0m
  [4;35;1mSQL (0.8ms)[0m   [0mSELECT count(*) AS count_all FROM `chamados` WHERE (situacao_chamado_id = 1) [0m
  [4;36;1mSQL (0.7ms)[0m   [0;1mSELECT count(*) AS count_all FROM `chamados` WHERE (situacao_chamado_id = 6) [0m
  [4;35;1mroles_users Columns (1.3ms)[0m   [0mSHOW FIELDS FROM `roles_users`[0m
  [4;36;1mRole Load (0.1ms)[0m   [0;1mSELECT * FROM `roles` INNER JOIN `roles_users` ON `roles`.id = `roles_users`.role_id WHERE (`roles_users`.user_id = 2 ) [0m
  [4;35;1mRole Columns (0.7ms)[0m   [0mSHOW FIELDS FROM `roles`[0m
  [4;36;1mChamado Load (2.0ms)[0m   [0;1mSELECT * FROM `chamados` WHERE (situacao_chamado_id != 12) ORDER BY situacao_chamado_id,data_sol DESC[0m
  [4;35;1mUnidade Columns (1.7ms)[0m   [0mSHOW FIELDS FROM `unidades`[0m
  [4;36;1mUnidade Load (0.3ms)[0m   [0;1mSELECT * FROM `unidades` WHERE (`unidades`.`id` = 62) [0m
  [4;35;1mSituacaoChamado Columns (1.4ms)[0m   [0mSHOW FIELDS FROM `situacao_chamados`[0m
  [4;36;1mSituacaoChamado Load (0.2ms)[0m   [0;1mSELECT * FROM `situacao_chamados` WHERE (`situacao_chamados`.`id` = 1) [0m
  [4;35;1mUnidade Load (0.2ms)[0m   [0mSELECT * FROM `unidades` WHERE (`unidades`.`id` = 62) [0m
  [4;36;1mCACHE (0.0ms)[0m   [0;1mSELECT * FROM `situacao_chamados` WHERE (`situacao_chamados`.`id` = 1) [0m
  [4;35;1mUnidade Load (0.3ms)[0m   [0mSELECT * FROM `unidades` WHERE (`unidades`.`id` = 50) [0m
  [4;36;1mCACHE (0.0ms)[0m   [0;1mSELECT * FROM `situacao_chamados` WHERE (`situacao_chamados`.`id` = 1) [0m
  [4;35;1mUnidade Load (0.3ms)[0m   [0mSELECT * FROM `unidades` WHERE (`unidades`.`id` = 44) [0m
  [4;36;1mCACHE (0.0ms)[0m   [0;1mSELECT * FROM `situacao_chamados` WHERE (`situacao_chamados`.`id` = 1) [0m
  [4;35;1mUnidade Load (0.2ms)[0m   [0mSELECT * FROM `unidades` WHERE (`unidades`.`id` = 4) [0m
  [4;36;1mCACHE (0.0ms)[0m   [0;1mSELECT * FROM `situacao_chamados` WHERE (`situacao_chamados`.`id` = 1) [0m
  [4;35;1mUnidade Load (0.2ms)[0m   [0mSELECT * FROM `unidades` WHERE (`unidades`.`id` = 52) [0m
  [4;36;1mTiposProblema Columns (0.7ms)[0m   [0;1mSHOW FIELDS FROM `tipos_problemas`[0m
  [4;35;1mTiposProblema Load (0.3ms)[0m   [0mSELECT * FROM `tipos_problemas` WHERE (`tipos_problemas`.`id` = 1) [0m
  [4;36;1mCACHE (0.0ms)[0m   [0;1mSELECT * FROM `situacao_chamados` WHERE (`situacao_chamados`.`id` = 1) [0m
  [4;35;1mUnidade Load (0.4ms)[0m   [0mSELECT * FROM `unidades` WHERE (`unidades`.`id` = 1) [0m
  [4;36;1mCACHE (0.0ms)[0m   [0;1mSELECT * FROM `situacao_chamados` WHERE (`situacao_chamados`.`id` = 1) [0m
  [4;35;1mUnidade Load (0.2ms)[0m   [0mSELECT * FROM `unidades` WHERE (`unidades`.`id` = 2) [0m
  [4;36;1mCACHE (0.0ms)[0m   [0;1mSELECT * FROM `situacao_chamados` WHERE (`situacao_chamados`.`id` = 1) [0m
  [4;35;1mUnidade Load (0.2ms)[0m   [0mSELECT * FROM `unidades` WHERE (`unidades`.`id` = 47) [0m
  [4;36;1mCACHE (0.0ms)[0m   [0;1mSELECT * FROM `situacao_chamados` WHERE (`situacao_chamados`.`id` = 1) [0m
  [4;35;1mUnidade Load (0.2ms)[0m   [0mSELECT * FROM `unidades` WHERE (`unidades`.`id` = 11) [0m
  [4;36;1mCACHE (0.0ms)[0m   [0;1mSELECT * FROM `situacao_chamados` WHERE (`situacao_chamados`.`id` = 1) [0m
  [4;35;1mUnidade Load (0.2ms)[0m   [0mSELECT * FROM `unidades` WHERE (`unidades`.`id` = 33) [0m
  [4;36;1mCACHE (0.0ms)[0m   [0;1mSELECT * FROM `situacao_chamados` WHERE (`situacao_chamados`.`id` = 1) [0m
  [4;35;1mUnidade Load (0.2ms)[0m   [0mSELECT * FROM `unidades` WHERE (`unidades`.`id` = 49) [0m
  [4;36;1mCACHE (0.0ms)[0m   [0;1mSELECT * FROM `situacao_chamados` WHERE (`situacao_chamados`.`id` = 1) [0m
  [4;35;1mUnidade Load (0.1ms)[0m   [0mSELECT * FROM `unidades` WHERE (`unidades`.`id` = 62) [0m
  [4;36;1mCACHE (0.0ms)[0m   [0;1mSELECT * FROM `situacao_chamados` WHERE (`situacao_chamados`.`id` = 1) [0m
  [4;35;1mUnidade Load (0.1ms)[0m   [0mSELECT * FROM `unidades` WHERE (`unidades`.`id` = 43) [0m
  [4;36;1mCACHE (0.0ms)[0m   [0;1mSELECT * FROM `situacao_chamados` WHERE (`situacao_chamados`.`id` = 1) [0m
  [4;35;1mUnidade Load (0.2ms)[0m   [0mSELECT * FROM `unidades` WHERE (`unidades`.`id` = 29) [0m
  [4;36;1mTiposProblema Load (0.1ms)[0m   [0;1mSELECT * FROM `tipos_problemas` WHERE (`tipos_problemas`.`id` = 10) [0m
  [4;35;1mCACHE (0.0ms)[0m   [0mSELECT * FROM `situacao_chamados` WHERE (`situacao_chamados`.`id` = 1) [0m
  [4;36;1mUnidade Load (0.1ms)[0m   [0;1mSELECT * FROM `unidades` WHERE (`unidades`.`id` = 47) [0m
  [4;35;1mCACHE (0.0ms)[0m   [0mSELECT * FROM `situacao_chamados` WHERE (`situacao_chamados`.`id` = 1) [0m
  [4;36;1mUnidade Load (0.1ms)[0m   [0;1mSELECT * FROM `unidades` WHERE (`unidades`.`id` = 28) [0m
  [4;35;1mCACHE (0.0ms)[0m   [0mSELECT * FROM `situacao_chamados` WHERE (`situacao_chamados`.`id` = 1) [0m
  [4;36;1mUnidade Load (0.1ms)[0m   [0;1mSELECT * FROM `unidades` WHERE (`unidades`.`id` = 2) [0m
  [4;35;1mCACHE (0.0ms)[0m   [0mSELECT * FROM `situacao_chamados` WHERE (`situacao_chamados`.`id` = 1) [0m
  [4;36;1mUnidade Load (0.1ms)[0m   [0;1mSELECT * FROM `unidades` WHERE (`unidades`.`id` = 47) [0m
  [4;35;1mCACHE (0.0ms)[0m   [0mSELECT * FROM `situacao_chamados` WHERE (`situacao_chamados`.`id` = 1) [0m
  [4;36;1mUnidade Load (0.1ms)[0m   [0;1mSELECT * FROM `unidades` WHERE (`unidades`.`id` = 50) [0m
  [4;35;1mCACHE (0.0ms)[0m   [0mSELECT * FROM `situacao_chamados` WHERE (`situacao_chamados`.`id` = 1) [0m
  [4;36;1mUnidade Load (0.3ms)[0m   [0;1mSELECT * FROM `unidades` WHERE (`unidades`.`id` = 3) [0m
  [4;35;1mCACHE (0.0ms)[0m   [0mSELECT * FROM `situacao_chamados` WHERE (`situacao_chamados`.`id` = 1) [0m
  [4;36;1mUnidade Load (0.2ms)[0m   [0;1mSELECT * FROM `unidades` WHERE (`unidades`.`id` = 47) [0m
  [4;35;1mCACHE (0.0ms)[0m   [0mSELECT * FROM `situacao_chamados` WHERE (`situacao_chamados`.`id` = 1) [0m
  [4;36;1mUnidade Load (0.2ms)[0m   [0;1mSELECT * FROM `unidades` WHERE (`unidades`.`id` = 43) [0m
  [4;35;1mTiposProblema Load (0.1ms)[0m   [0mSELECT * FROM `tipos_problemas` WHERE (`tipos_problemas`.`id` = 5) [0m
  [4;36;1mSituacaoChamado Load (0.1ms)[0m   [0;1mSELECT * FROM `situacao_chamados` WHERE (`situacao_chamados`.`id` = 2) [0m
  [4;35;1mUnidade Load (0.3ms)[0m   [0mSELECT * FROM `unidades` WHERE (`unidades`.`id` = 4) [0m
  [4;36;1mCACHE (0.0ms)[0m   [0;1mSELECT * FROM `tipos_problemas` WHERE (`tipos_problemas`.`id` = 5) [0m
  [4;35;1mCACHE (0.0ms)[0m   [0mSELECT * FROM `situacao_chamados` WHERE (`situacao_chamados`.`id` = 2) [0m
  [4;36;1mUnidade Load (0.4ms)[0m   [0;1mSELECT * FROM `unidades` WHERE (`unidades`.`id` = 47) [0m
  [4;35;1mCACHE (0.0ms)[0m   [0mSELECT * FROM `situacao_chamados` WHERE (`situacao_chamados`.`id` = 2) [0m
  [4;36;1mUnidade Load (0.2ms)[0m   [0;1mSELECT * FROM `unidades` WHERE (`unidades`.`id` = 19) [0m
  [4;35;1mTiposProblema Load (0.1ms)[0m   [0mSELECT * FROM `tipos_problemas` WHERE (`tipos_problemas`.`id` = 2) [0m
  [4;36;1mCACHE (0.0ms)[0m   [0;1mSELECT * FROM `situacao_chamados` WHERE (`situacao_chamados`.`id` = 2) [0m
  [4;35;1mUnidade Load (0.2ms)[0m   [0mSELECT * FROM `unidades` WHERE (`unidades`.`id` = 3) [0m
  [4;36;1mCACHE (0.0ms)[0m   [0;1mSELECT * FROM `tipos_problemas` WHERE (`tipos_problemas`.`id` = 5) [0m
  [4;35;1mCACHE (0.0ms)[0m   [0mSELECT * FROM `situacao_chamados` WHERE (`situacao_chamados`.`id` = 2) [0m
  [4;36;1mUnidade Load (0.2ms)[0m   [0;1mSELECT * FROM `unidades` WHERE (`unidades`.`id` = 20) [0m
  [4;35;1mCACHE (0.0ms)[0m   [0mSELECT * FROM `tipos_problemas` WHERE (`tipos_problemas`.`id` = 2) [0m
  [4;36;1mCACHE (0.0ms)[0m   [0;1mSELECT * FROM `situacao_chamados` WHERE (`situacao_chamados`.`id` = 2) [0m
  [4;35;1mUnidade Load (0.2ms)[0m   [0mSELECT * FROM `unidades` WHERE (`unidades`.`id` = 47) [0m
  [4;36;1mSituacaoChamado Load (0.1ms)[0m   [0;1mSELECT * FROM `situacao_chamados` WHERE (`situacao_chamados`.`id` = 3) [0m
  [4;35;1mUnidade Load (0.2ms)[0m   [0mSELECT * FROM `unidades` WHERE (`unidades`.`id` = 44) [0m
  [4;36;1mCACHE (0.0ms)[0m   [0;1mSELECT * FROM `situacao_chamados` WHERE (`situacao_chamados`.`id` = 3) [0m
  [4;35;1mCACHE (0.0ms)[0m   [0mSELECT * FROM `situacao_chamados` WHERE (`situacao_chamados`.`id` = 3) [0m
  [4;36;1mUnidade Load (0.2ms)[0m   [0;1mSELECT * FROM `unidades` WHERE (`unidades`.`id` = 3) [0m
  [4;35;1mTiposProblema Load (0.1ms)[0m   [0mSELECT * FROM `tipos_problemas` WHERE (`tipos_problemas`.`id` = 9) [0m
  [4;36;1mCACHE (0.0ms)[0m   [0;1mSELECT * FROM `situacao_chamados` WHERE (`situacao_chamados`.`id` = 3) [0m
  [4;35;1mUnidade Load (0.2ms)[0m   [0mSELECT * FROM `unidades` WHERE (`unidades`.`id` = 47) [0m
  [4;36;1mCACHE (0.0ms)[0m   [0;1mSELECT * FROM `tipos_problemas` WHERE (`tipos_problemas`.`id` = 2) [0m
  [4;35;1mCACHE (0.0ms)[0m   [0mSELECT * FROM `situacao_chamados` WHERE (`situacao_chamados`.`id` = 3) [0m
  [4;36;1mUnidade Load (0.2ms)[0m   [0;1mSELECT * FROM `unidades` WHERE (`unidades`.`id` = 52) [0m
  [4;35;1mCACHE (0.0ms)[0m   [0mSELECT * FROM `tipos_problemas` WHERE (`tipos_problemas`.`id` = 2) [0m
  [4;36;1mCACHE (0.0ms)[0m   [0;1mSELECT * FROM `situacao_chamados` WHERE (`situacao_chamados`.`id` = 3) [0m
  [4;35;1mUnidade Load (0.1ms)[0m   [0mSELECT * FROM `unidades` WHERE (`unidades`.`id` = 44) [0m
  [4;36;1mCACHE (0.0ms)[0m   [0;1mSELECT * FROM `tipos_problemas` WHERE (`tipos_problemas`.`id` = 9) [0m
  [4;35;1mCACHE (0.0ms)[0m   [0mSELECT * FROM `situacao_chamados` WHERE (`situacao_chamados`.`id` = 3) [0m
  [4;36;1mUnidade Load (0.3ms)[0m   [0;1mSELECT * FROM `unidades` WHERE (`unidades`.`id` = 47) [0m
  [4;35;1mCACHE (0.0ms)[0m   [0mSELECT * FROM `tipos_problemas` WHERE (`tipos_problemas`.`id` = 5) [0m
  [4;36;1mSituacaoChamado Load (0.3ms)[0m   [0;1mSELECT * FROM `situacao_chamados` WHERE (`situacao_chamados`.`id` = 5) [0m
  [4;35;1mUnidade Load (0.2ms)[0m   [0mSELECT * FROM `unidades` WHERE (`unidades`.`id` = 24) [0m
  [4;36;1mTiposProblema Load (0.1ms)[0m   [0;1mSELECT * FROM `tipos_problemas` WHERE (`tipos_problemas`.`id` = 8) [0m
  [4;35;1mCACHE (0.0ms)[0m   [0mSELECT * FROM `situacao_chamados` WHERE (`situacao_chamados`.`id` = 5) [0m
  [4;36;1mUnidade Load (0.2ms)[0m   [0;1mSELECT * FROM `unidades` WHERE (`unidades`.`id` = 62) [0m
  [4;35;1mCACHE (0.0ms)[0m   [0mSELECT * FROM `tipos_problemas` WHERE (`tipos_problemas`.`id` = 9) [0m
  [4;36;1mSituacaoChamado Load (6.3ms)[0m   [0;1mSELECT * FROM `situacao_chamados` WHERE (`situacao_chamados`.`id` = 9) [0m
  [4;35;1mUnidade Load (0.2ms)[0m   [0mSELECT * FROM `unidades` WHERE (`unidades`.`id` = 50) [0m
  [4;36;1mCACHE (0.0ms)[0m   [0;1mSELECT * FROM `tipos_problemas` WHERE (`tipos_problemas`.`id` = 5) [0m
  [4;35;1mCACHE (0.0ms)[0m   [0mSELECT * FROM `situacao_chamados` WHERE (`situacao_chamados`.`id` = 9) [0m
  [4;36;1mUnidade Load (0.3ms)[0m   [0;1mSELECT * FROM `unidades` WHERE (`unidades`.`id` = 52) [0m
  [4;35;1mSituacaoChamado Load (0.1ms)[0m   [0mSELECT * FROM `situacao_chamados` WHERE (`situacao_chamados`.`id` = 10) [0m
  [4;36;1mUnidade Load (0.2ms)[0m   [0;1mSELECT * FROM `unidades` WHERE (`unidades`.`id` = 42) [0m
  [4;35;1mCACHE (0.0ms)[0m   [0mSELECT * FROM `tipos_problemas` WHERE (`tipos_problemas`.`id` = 2) [0m
  [4;36;1mCACHE (0.0ms)[0m   [0;1mSELECT * FROM `situacao_chamados` WHERE (`situacao_chamados`.`id` = 10) [0m
  [4;35;1mUnidade Load (0.2ms)[0m   [0mSELECT * FROM `unidades` WHERE (`unidades`.`id` = 45) [0m
  [4;36;1mCACHE (0.0ms)[0m   [0;1mSELECT * FROM `tipos_problemas` WHERE (`tipos_problemas`.`id` = 2) [0m
  [4;35;1mCACHE (0.0ms)[0m   [0mSELECT * FROM `situacao_chamados` WHERE (`situacao_chamados`.`id` = 10) [0m
  [4;36;1mUnidade Load (0.2ms)[0m   [0;1mSELECT * FROM `unidades` WHERE (`unidades`.`id` = 45) [0m
  [4;35;1mCACHE (0.0ms)[0m   [0mSELECT * FROM `tipos_problemas` WHERE (`tipos_problemas`.`id` = 2) [0m
  [4;36;1mCACHE (0.0ms)[0m   [0;1mSELECT * FROM `situacao_chamados` WHERE (`situacao_chamados`.`id` = 10) [0m
  [4;35;1mUnidade Load (0.2ms)[0m   [0mSELECT * FROM `unidades` WHERE (`unidades`.`id` = 52) [0m
  [4;36;1mCACHE (0.0ms)[0m   [0;1mSELECT * FROM `tipos_problemas` WHERE (`tipos_problemas`.`id` = 2) [0m
  [4;35;1mCACHE (0.0ms)[0m   [0mSELECT * FROM `situacao_chamados` WHERE (`situacao_chamados`.`id` = 10) [0m
  [4;36;1mUnidade Load (0.3ms)[0m   [0;1mSELECT * FROM `unidades` WHERE (`unidades`.`id` = 50) [0m
  [4;35;1mCACHE (0.0ms)[0m   [0mSELECT * FROM `tipos_problemas` WHERE (`tipos_problemas`.`id` = 2) [0m
  [4;36;1mCACHE (0.0ms)[0m   [0;1mSELECT * FROM `situacao_chamados` WHERE (`situacao_chamados`.`id` = 10) [0m
  [4;35;1mUnidade Load (0.2ms)[0m   [0mSELECT * FROM `unidades` WHERE (`unidades`.`id` = 52) [0m
  [4;36;1mCACHE (0.0ms)[0m   [0;1mSELECT * FROM `tipos_problemas` WHERE (`tipos_problemas`.`id` = 2) [0m
  [4;35;1mCACHE (0.0ms)[0m   [0mSELECT * FROM `situacao_chamados` WHERE (`situacao_chamados`.`id` = 10) [0m
  [4;36;1mUnidade Load (0.2ms)[0m   [0;1mSELECT * FROM `unidades` WHERE (`unidades`.`id` = 52) [0m
  [4;35;1mCACHE (0.0ms)[0m   [0mSELECT * FROM `tipos_problemas` WHERE (`tipos_problemas`.`id` = 2) [0m
  [4;36;1mCACHE (0.0ms)[0m   [0;1mSELECT * FROM `situacao_chamados` WHERE (`situacao_chamados`.`id` = 10) [0m
  [4;35;1mUnidade Load (0.2ms)[0m   [0mSELECT * FROM `unidades` WHERE (`unidades`.`id` = 48) [0m
  [4;36;1mCACHE (0.0ms)[0m   [0;1mSELECT * FROM `tipos_problemas` WHERE (`tipos_problemas`.`id` = 2) [0m
  [4;35;1mCACHE (0.0ms)[0m   [0mSELECT * FROM `situacao_chamados` WHERE (`situacao_chamados`.`id` = 10) [0m
  [4;36;1mUnidade Load (0.2ms)[0m   [0;1mSELECT * FROM `unidades` WHERE (`unidades`.`id` = 49) [0m
  [4;35;1mTiposProblema Load (0.4ms)[0m   [0mSELECT * FROM `tipos_problemas` WHERE (`tipos_problemas`.`id` = 4) [0m
  [4;36;1mSituacaoChamado Load (0.1ms)[0m   [0;1mSELECT * FROM `situacao_chamados` WHERE (`situacao_chamados`.`id` = 13) [0m

ActionView::TemplateError (undefined method `nome' for nil:NilClass) on line #164 of app/views/chamados/index.html.erb:
161:                                                <td><font color="blue"><%=h chamado.situacao_chamado.situacao %></font></td>
162:                                               <%else if chamado.situacao_chamado_id == 13%>
163:                                                      <td><b><font color=#DBA901><%=h chamado.situacao_chamado.situacao %> </font></b><br/>
164:                                                           <font color="gray">(<%=truncate(chamado.estagiario.nome,:length => 12,:omission => "...") %>) </font></td>
165:                                                     <%else%>
166:                                                         <td><b><%=h chamado.situacao_chamado.situacao %></b></td>
167:                                                   <%end%>

    app/views/chamados/index.html.erb:164
    app/views/chamados/index.html.erb:139
    app/views/chamados/index.html.erb:138
    app/controllers/chamados_controller.rb:37:in `index'

Rendered rescues/_trace (30.7ms)
Rendered rescues/_request_and_response (1.0ms)
Rendering rescues/layout (internal_server_error)
  [4;35;1mSQL (0.2ms)[0m   [0mSET NAMES 'utf8'[0m
  [4;36;1mSQL (0.1ms)[0m   [0;1mSET SQL_AUTO_IS_NULL=0[0m


Processing ChamadosController#index (for 127.0.0.1 at 2018-06-20 11:47:37) [GET]
  [4;35;1mUser Columns (1.5ms)[0m   [0mSHOW FIELDS FROM `users`[0m
  [4;36;1mUser Load (0.3ms)[0m   [0;1mSELECT * FROM `users` WHERE (`users`.`id` = 2) LIMIT 1[0m
  [4;35;1mSQL (0.1ms)[0m   [0mSET NAMES 'utf8'[0m
  [4;36;1mSQL (0.2ms)[0m   [0;1mSET SQL_AUTO_IS_NULL=0[0m
  [4;35;1mUnidade Load (0.3ms)[0m   [0mSELECT * FROM `unidades` ORDER BY nome ASC[0m
  [4;36;1mChamado Load (1.9ms)[0m   [0;1mSELECT * FROM `chamados` WHERE (situacao_chamado_id != 12) ORDER BY id ASC[0m
  [4;35;1mEstagiario Load (0.4ms)[0m   [0mSELECT * FROM `estagiarios` WHERE (desligado=0) ORDER BY nome ASC[0m
  [4;36;1mEstagiario Load (0.2ms)[0m   [0;1mSELECT * FROM `estagiarios` WHERE (desligado=0 and unidade_id=53 and id<>2 and id<>47) ORDER BY nome ASC[0m
  [4;35;1mSituacaoChamado Load (0.1ms)[0m   [0mSELECT * FROM `situacao_chamados` [0m
  [4;36;1mTiposProblema Load (0.2ms)[0m   [0;1mSELECT * FROM `tipos_problemas` [0m
  [4;35;1mChamado Load (3.5ms)[0m   [0mSELECT * FROM `chamados` [0m
Rendering template within layouts/application
Rendering chamados/index
  [4;36;1mChamado Columns (1.7ms)[0m   [0;1mSHOW FIELDS FROM `chamados`[0m
  [4;35;1mSQL (0.9ms)[0m   [0mSELECT count(*) AS count_all FROM `chamados` WHERE (situacao_chamado_id = 1) [0m
  [4;36;1mSQL (0.5ms)[0m   [0;1mSELECT count(*) AS count_all FROM `chamados` WHERE (situacao_chamado_id = 6) [0m
  [4;35;1mroles_users Columns (0.6ms)[0m   [0mSHOW FIELDS FROM `roles_users`[0m
  [4;36;1mRole Load (0.1ms)[0m   [0;1mSELECT * FROM `roles` INNER JOIN `roles_users` ON `roles`.id = `roles_users`.role_id WHERE (`roles_users`.user_id = 2 ) [0m
  [4;35;1mRole Columns (0.4ms)[0m   [0mSHOW FIELDS FROM `roles`[0m
  [4;36;1mChamado Load (0.8ms)[0m   [0;1mSELECT * FROM `chamados` WHERE (situacao_chamado_id != 12) ORDER BY situacao_chamado_id,data_sol DESC[0m
  [4;35;1mUnidade Columns (0.7ms)[0m   [0mSHOW FIELDS FROM `unidades`[0m
  [4;36;1mUnidade Load (0.1ms)[0m   [0;1mSELECT * FROM `unidades` WHERE (`unidades`.`id` = 52) [0m
  [4;35;1mTiposProblema Columns (0.6ms)[0m   [0mSHOW FIELDS FROM `tipos_problemas`[0m
  [4;36;1mTiposProblema Load (0.1ms)[0m   [0;1mSELECT * FROM `tipos_problemas` WHERE (`tipos_problemas`.`id` = 1) [0m
  [4;35;1mSituacaoChamado Columns (0.5ms)[0m   [0mSHOW FIELDS FROM `situacao_chamados`[0m
  [4;36;1mSituacaoChamado Load (0.1ms)[0m   [0;1mSELECT * FROM `situacao_chamados` WHERE (`situacao_chamados`.`id` = 1) [0m
  [4;35;1mUnidade Load (0.1ms)[0m   [0mSELECT * FROM `unidades` WHERE (`unidades`.`id` = 33) [0m
  [4;36;1mCACHE (0.0ms)[0m   [0;1mSELECT * FROM `situacao_chamados` WHERE (`situacao_chamados`.`id` = 1) [0m
  [4;35;1mUnidade Load (0.2ms)[0m   [0mSELECT * FROM `unidades` WHERE (`unidades`.`id` = 49) [0m
  [4;36;1mCACHE (0.0ms)[0m   [0;1mSELECT * FROM `situacao_chamados` WHERE (`situacao_chamados`.`id` = 1) [0m
  [4;35;1mUnidade Load (0.1ms)[0m   [0mSELECT * FROM `unidades` WHERE (`unidades`.`id` = 62) [0m
  [4;36;1mCACHE (0.0ms)[0m   [0;1mSELECT * FROM `situacao_chamados` WHERE (`situacao_chamados`.`id` = 1) [0m
  [4;35;1mUnidade Load (4.0ms)[0m   [0mSELECT * FROM `unidades` WHERE (`unidades`.`id` = 43) [0m
  [4;36;1mCACHE (0.0ms)[0m   [0;1mSELECT * FROM `situacao_chamados` WHERE (`situacao_chamados`.`id` = 1) [0m
  [4;35;1mUnidade Load (0.2ms)[0m   [0mSELECT * FROM `unidades` WHERE (`unidades`.`id` = 29) [0m
  [4;36;1mTiposProblema Load (0.1ms)[0m   [0;1mSELECT * FROM `tipos_problemas` WHERE (`tipos_problemas`.`id` = 10) [0m
  [4;35;1mCACHE (0.0ms)[0m   [0mSELECT * FROM `situacao_chamados` WHERE (`situacao_chamados`.`id` = 1) [0m
  [4;36;1mUnidade Load (0.1ms)[0m   [0;1mSELECT * FROM `unidades` WHERE (`unidades`.`id` = 47) [0m
  [4;35;1mCACHE (0.0ms)[0m   [0mSELECT * FROM `situacao_chamados` WHERE (`situacao_chamados`.`id` = 1) [0m
  [4;36;1mUnidade Load (0.2ms)[0m   [0;1mSELECT * FROM `unidades` WHERE (`unidades`.`id` = 28) [0m
  [4;35;1mCACHE (0.0ms)[0m   [0mSELECT * FROM `situacao_chamados` WHERE (`situacao_chamados`.`id` = 1) [0m
  [4;36;1mUnidade Load (0.2ms)[0m   [0;1mSELECT * FROM `unidades` WHERE (`unidades`.`id` = 2) [0m
  [4;35;1mCACHE (0.0ms)[0m   [0mSELECT * FROM `situacao_chamados` WHERE (`situacao_chamados`.`id` = 1) [0m
  [4;36;1mUnidade Load (0.1ms)[0m   [0;1mSELECT * FROM `unidades` WHERE (`unidades`.`id` = 47) [0m
  [4;35;1mCACHE (0.0ms)[0m   [0mSELECT * FROM `situacao_chamados` WHERE (`situacao_chamados`.`id` = 1) [0m
  [4;36;1mUnidade Load (0.1ms)[0m   [0;1mSELECT * FROM `unidades` WHERE (`unidades`.`id` = 50) [0m
  [4;35;1mCACHE (0.0ms)[0m   [0mSELECT * FROM `situacao_chamados` WHERE (`situacao_chamados`.`id` = 1) [0m
  [4;36;1mUnidade Load (0.1ms)[0m   [0;1mSELECT * FROM `unidades` WHERE (`unidades`.`id` = 3) [0m
  [4;35;1mCACHE (0.0ms)[0m   [0mSELECT * FROM `situacao_chamados` WHERE (`situacao_chamados`.`id` = 1) [0m
  [4;36;1mUnidade Load (0.4ms)[0m   [0;1mSELECT * FROM `unidades` WHERE (`unidades`.`id` = 47) [0m
  [4;35;1mCACHE (0.0ms)[0m   [0mSELECT * FROM `situacao_chamados` WHERE (`situacao_chamados`.`id` = 1) [0m
  [4;36;1mUnidade Load (0.2ms)[0m   [0;1mSELECT * FROM `unidades` WHERE (`unidades`.`id` = 43) [0m
  [4;35;1mTiposProblema Load (0.1ms)[0m   [0mSELECT * FROM `tipos_problemas` WHERE (`tipos_problemas`.`id` = 5) [0m
  [4;36;1mSituacaoChamado Load (0.1ms)[0m   [0;1mSELECT * FROM `situacao_chamados` WHERE (`situacao_chamados`.`id` = 2) [0m
  [4;35;1mUnidade Load (0.1ms)[0m   [0mSELECT * FROM `unidades` WHERE (`unidades`.`id` = 4) [0m
  [4;36;1mCACHE (0.0ms)[0m   [0;1mSELECT * FROM `tipos_problemas` WHERE (`tipos_problemas`.`id` = 5) [0m
  [4;35;1mCACHE (0.0ms)[0m   [0mSELECT * FROM `situacao_chamados` WHERE (`situacao_chamados`.`id` = 2) [0m
  [4;36;1mUnidade Load (0.2ms)[0m   [0;1mSELECT * FROM `unidades` WHERE (`unidades`.`id` = 47) [0m
  [4;35;1mCACHE (0.0ms)[0m   [0mSELECT * FROM `situacao_chamados` WHERE (`situacao_chamados`.`id` = 2) [0m
  [4;36;1mUnidade Load (0.2ms)[0m   [0;1mSELECT * FROM `unidades` WHERE (`unidades`.`id` = 19) [0m
  [4;35;1mTiposProblema Load (0.1ms)[0m   [0mSELECT * FROM `tipos_problemas` WHERE (`tipos_problemas`.`id` = 2) [0m
  [4;36;1mCACHE (0.0ms)[0m   [0;1mSELECT * FROM `situacao_chamados` WHERE (`situacao_chamados`.`id` = 2) [0m
  [4;35;1mUnidade Load (0.3ms)[0m   [0mSELECT * FROM `unidades` WHERE (`unidades`.`id` = 3) [0m
  [4;36;1mCACHE (0.0ms)[0m   [0;1mSELECT * FROM `tipos_problemas` WHERE (`tipos_problemas`.`id` = 5) [0m
  [4;35;1mCACHE (0.0ms)[0m   [0mSELECT * FROM `situacao_chamados` WHERE (`situacao_chamados`.`id` = 2) [0m
  [4;36;1mUnidade Load (0.3ms)[0m   [0;1mSELECT * FROM `unidades` WHERE (`unidades`.`id` = 20) [0m
  [4;35;1mCACHE (0.0ms)[0m   [0mSELECT * FROM `tipos_problemas` WHERE (`tipos_problemas`.`id` = 2) [0m
  [4;36;1mCACHE (0.0ms)[0m   [0;1mSELECT * FROM `situacao_chamados` WHERE (`situacao_chamados`.`id` = 2) [0m
  [4;35;1mUnidade Load (0.3ms)[0m   [0mSELECT * FROM `unidades` WHERE (`unidades`.`id` = 47) [0m
  [4;36;1mSituacaoChamado Load (0.1ms)[0m   [0;1mSELECT * FROM `situacao_chamados` WHERE (`situacao_chamados`.`id` = 3) [0m
  [4;35;1mUnidade Load (0.2ms)[0m   [0mSELECT * FROM `unidades` WHERE (`unidades`.`id` = 44) [0m
  [4;36;1mCACHE (0.0ms)[0m   [0;1mSELECT * FROM `situacao_chamados` WHERE (`situacao_chamados`.`id` = 3) [0m
  [4;35;1mCACHE (0.0ms)[0m   [0mSELECT * FROM `situacao_chamados` WHERE (`situacao_chamados`.`id` = 3) [0m
  [4;36;1mUnidade Load (0.4ms)[0m   [0;1mSELECT * FROM `unidades` WHERE (`unidades`.`id` = 3) [0m
  [4;35;1mTiposProblema Load (0.1ms)[0m   [0mSELECT * FROM `tipos_problemas` WHERE (`tipos_problemas`.`id` = 9) [0m
  [4;36;1mCACHE (0.0ms)[0m   [0;1mSELECT * FROM `situacao_chamados` WHERE (`situacao_chamados`.`id` = 3) [0m
  [4;35;1mUnidade Load (0.4ms)[0m   [0mSELECT * FROM `unidades` WHERE (`unidades`.`id` = 47) [0m
  [4;36;1mCACHE (0.0ms)[0m   [0;1mSELECT * FROM `tipos_problemas` WHERE (`tipos_problemas`.`id` = 2) [0m
  [4;35;1mCACHE (0.0ms)[0m   [0mSELECT * FROM `situacao_chamados` WHERE (`situacao_chamados`.`id` = 3) [0m
  [4;36;1mUnidade Load (0.3ms)[0m   [0;1mSELECT * FROM `unidades` WHERE (`unidades`.`id` = 52) [0m
  [4;35;1mCACHE (0.0ms)[0m   [0mSELECT * FROM `tipos_problemas` WHERE (`tipos_problemas`.`id` = 2) [0m
  [4;36;1mCACHE (0.0ms)[0m   [0;1mSELECT * FROM `situacao_chamados` WHERE (`situacao_chamados`.`id` = 3) [0m
  [4;35;1mUnidade Load (0.1ms)[0m   [0mSELECT * FROM `unidades` WHERE (`unidades`.`id` = 44) [0m
  [4;36;1mCACHE (0.0ms)[0m   [0;1mSELECT * FROM `tipos_problemas` WHERE (`tipos_problemas`.`id` = 9) [0m
  [4;35;1mCACHE (0.0ms)[0m   [0mSELECT * FROM `situacao_chamados` WHERE (`situacao_chamados`.`id` = 3) [0m
  [4;36;1mUnidade Load (0.3ms)[0m   [0;1mSELECT * FROM `unidades` WHERE (`unidades`.`id` = 47) [0m
  [4;35;1mCACHE (0.0ms)[0m   [0mSELECT * FROM `tipos_problemas` WHERE (`tipos_problemas`.`id` = 5) [0m
  [4;36;1mSituacaoChamado Load (0.3ms)[0m   [0;1mSELECT * FROM `situacao_chamados` WHERE (`situacao_chamados`.`id` = 5) [0m
  [4;35;1mUnidade Load (0.1ms)[0m   [0mSELECT * FROM `unidades` WHERE (`unidades`.`id` = 24) [0m
  [4;36;1mTiposProblema Load (0.1ms)[0m   [0;1mSELECT * FROM `tipos_problemas` WHERE (`tipos_problemas`.`id` = 8) [0m
  [4;35;1mCACHE (0.0ms)[0m   [0mSELECT * FROM `situacao_chamados` WHERE (`situacao_chamados`.`id` = 5) [0m
  [4;36;1mUnidade Load (0.2ms)[0m   [0;1mSELECT * FROM `unidades` WHERE (`unidades`.`id` = 62) [0m
  [4;35;1mCACHE (0.0ms)[0m   [0mSELECT * FROM `tipos_problemas` WHERE (`tipos_problemas`.`id` = 9) [0m
  [4;36;1mSituacaoChamado Load (0.3ms)[0m   [0;1mSELECT * FROM `situacao_chamados` WHERE (`situacao_chamados`.`id` = 9) [0m
  [4;35;1mUnidade Load (0.1ms)[0m   [0mSELECT * FROM `unidades` WHERE (`unidades`.`id` = 50) [0m
  [4;36;1mCACHE (0.0ms)[0m   [0;1mSELECT * FROM `tipos_problemas` WHERE (`tipos_problemas`.`id` = 5) [0m
  [4;35;1mCACHE (0.0ms)[0m   [0mSELECT * FROM `situacao_chamados` WHERE (`situacao_chamados`.`id` = 9) [0m
  [4;36;1mUnidade Load (0.1ms)[0m   [0;1mSELECT * FROM `unidades` WHERE (`unidades`.`id` = 52) [0m
  [4;35;1mSituacaoChamado Load (0.1ms)[0m   [0mSELECT * FROM `situacao_chamados` WHERE (`situacao_chamados`.`id` = 10) [0m
  [4;36;1mUnidade Load (0.1ms)[0m   [0;1mSELECT * FROM `unidades` WHERE (`unidades`.`id` = 42) [0m
  [4;35;1mCACHE (0.0ms)[0m   [0mSELECT * FROM `tipos_problemas` WHERE (`tipos_problemas`.`id` = 2) [0m
  [4;36;1mCACHE (0.0ms)[0m   [0;1mSELECT * FROM `situacao_chamados` WHERE (`situacao_chamados`.`id` = 10) [0m
  [4;35;1mUnidade Load (0.1ms)[0m   [0mSELECT * FROM `unidades` WHERE (`unidades`.`id` = 45) [0m
  [4;36;1mCACHE (0.0ms)[0m   [0;1mSELECT * FROM `tipos_problemas` WHERE (`tipos_problemas`.`id` = 2) [0m
  [4;35;1mCACHE (0.0ms)[0m   [0mSELECT * FROM `situacao_chamados` WHERE (`situacao_chamados`.`id` = 10) [0m
  [4;36;1mUnidade Load (0.2ms)[0m   [0;1mSELECT * FROM `unidades` WHERE (`unidades`.`id` = 45) [0m
  [4;35;1mCACHE (0.0ms)[0m   [0mSELECT * FROM `tipos_problemas` WHERE (`tipos_problemas`.`id` = 2) [0m
  [4;36;1mCACHE (0.0ms)[0m   [0;1mSELECT * FROM `situacao_chamados` WHERE (`situacao_chamados`.`id` = 10) [0m
  [4;35;1mUnidade Load (0.2ms)[0m   [0mSELECT * FROM `unidades` WHERE (`unidades`.`id` = 52) [0m
  [4;36;1mCACHE (0.0ms)[0m   [0;1mSELECT * FROM `tipos_problemas` WHERE (`tipos_problemas`.`id` = 2) [0m
  [4;35;1mCACHE (0.0ms)[0m   [0mSELECT * FROM `situacao_chamados` WHERE (`situacao_chamados`.`id` = 10) [0m
  [4;36;1mUnidade Load (0.3ms)[0m   [0;1mSELECT * FROM `unidades` WHERE (`unidades`.`id` = 50) [0m
  [4;35;1mCACHE (0.0ms)[0m   [0mSELECT * FROM `tipos_problemas` WHERE (`tipos_problemas`.`id` = 2) [0m
  [4;36;1mCACHE (0.0ms)[0m   [0;1mSELECT * FROM `situacao_chamados` WHERE (`situacao_chamados`.`id` = 10) [0m
  [4;35;1mUnidade Load (0.3ms)[0m   [0mSELECT * FROM `unidades` WHERE (`unidades`.`id` = 52) [0m
  [4;36;1mCACHE (0.0ms)[0m   [0;1mSELECT * FROM `tipos_problemas` WHERE (`tipos_problemas`.`id` = 2) [0m
  [4;35;1mCACHE (0.0ms)[0m   [0mSELECT * FROM `situacao_chamados` WHERE (`situacao_chamados`.`id` = 10) [0m
  [4;36;1mUnidade Load (0.2ms)[0m   [0;1mSELECT * FROM `unidades` WHERE (`unidades`.`id` = 52) [0m
  [4;35;1mCACHE (0.0ms)[0m   [0mSELECT * FROM `tipos_problemas` WHERE (`tipos_problemas`.`id` = 2) [0m
  [4;36;1mCACHE (0.0ms)[0m   [0;1mSELECT * FROM `situacao_chamados` WHERE (`situacao_chamados`.`id` = 10) [0m
  [4;35;1mUnidade Load (0.2ms)[0m   [0mSELECT * FROM `unidades` WHERE (`unidades`.`id` = 48) [0m
  [4;36;1mCACHE (0.0ms)[0m   [0;1mSELECT * FROM `tipos_problemas` WHERE (`tipos_problemas`.`id` = 2) [0m
  [4;35;1mCACHE (0.0ms)[0m   [0mSELECT * FROM `situacao_chamados` WHERE (`situacao_chamados`.`id` = 10) [0m
  [4;36;1mUnidade Load (0.2ms)[0m   [0;1mSELECT * FROM `unidades` WHERE (`unidades`.`id` = 62) [0m
  [4;35;1mCACHE (0.0ms)[0m   [0mSELECT * FROM `tipos_problemas` WHERE (`tipos_problemas`.`id` = 2) [0m
  [4;36;1mSituacaoChamado Load (0.2ms)[0m   [0;1mSELECT * FROM `situacao_chamados` WHERE (`situacao_chamados`.`id` = 13) [0m
  [4;35;1mEstagiario Columns (0.9ms)[0m   [0mSHOW FIELDS FROM `estagiarios`[0m
  [4;36;1mEstagiario Load (0.1ms)[0m   [0;1mSELECT * FROM `estagiarios` WHERE (`estagiarios`.`id` = 223) [0m
  [4;35;1mCACHE (0.0ms)[0m   [0mSELECT count(*) AS count_all FROM `chamados` WHERE (situacao_chamado_id = 1) [0m
  [4;36;1mCACHE (0.0ms)[0m   [0;1mSELECT count(*) AS count_all FROM `chamados` WHERE (situacao_chamado_id = 6) [0m
  [4;35;1mSQL (0.5ms)[0m   [0mSELECT count(*) AS count_all FROM `chamados` WHERE (situacao_chamado_id = 12) [0m
  [4;36;1mSQL (0.3ms)[0m   [0;1mSELECT count(*) AS count_all FROM `chamados` WHERE (situacao_chamado_id = 3) [0m
  [4;35;1mSQL (0.2ms)[0m   [0mSELECT count(*) AS count_all FROM `chamados` WHERE (situacao_chamado_id = 4) [0m
  [4;36;1mSQL (0.2ms)[0m   [0;1mSELECT count(*) AS count_all FROM `chamados` WHERE (situacao_chamado_id = 5) [0m
  [4;35;1mSQL (0.2ms)[0m   [0mSELECT count(*) AS count_all FROM `chamados` WHERE (situacao_chamado_id = 7) [0m
  [4;36;1mInformativo Load (0.4ms)[0m   [0;1mSELECT * FROM `informativos` WHERE (starts_at <= '2018-06-20 14:47:38' AND ends_at >= '2018-06-20 14:47:38') [0m
  [4;35;1mUnidade Load (0.1ms)[0m   [0mSELECT * FROM `unidades` WHERE (id=52) [0m
Completed in 445ms (View: 275, DB: 19) | 200 OK [http://localhost/chamados]
  [4;36;1mSQL (0.1ms)[0m   [0;1mSET NAMES 'utf8'[0m
  [4;35;1mSQL (0.1ms)[0m   [0mSET SQL_AUTO_IS_NULL=0[0m


Processing ApplicationController#index (for 127.0.0.1 at 2018-06-20 11:47:38) [GET]

ActionController::RoutingError (No route matches "/stylesheets/style.css" with {:method=>:get}):
  

Rendering rescues/layout (not_found)
  [4;36;1mSQL (0.1ms)[0m   [0;1mSET NAMES 'utf8'[0m
  [4;35;1mSQL (0.0ms)[0m   [0mSET SQL_AUTO_IS_NULL=0[0m


Processing HomeController#index (for 127.0.0.1 at 2018-06-20 12:51:33) [GET]
  [4;36;1mUser Columns (1.0ms)[0m   [0;1mSHOW FIELDS FROM `users`[0m
  [4;35;1mUser Load (0.1ms)[0m   [0mSELECT * FROM `users` WHERE (`users`.`id` = 2) LIMIT 1[0m
Rendering template within layouts/application
Rendering home/index
  [4;36;1mInformativo Load (0.6ms)[0m   [0;1mSELECT * FROM `informativos` WHERE (starts_at <= '2018-06-20 15:51:33' AND ends_at >= '2018-06-20 15:51:33') [0m
  [4;35;1mroles_users Columns (0.6ms)[0m   [0mSHOW FIELDS FROM `roles_users`[0m
  [4;36;1mRole Load (0.1ms)[0m   [0;1mSELECT * FROM `roles` INNER JOIN `roles_users` ON `roles`.id = `roles_users`.role_id WHERE (`roles_users`.user_id = 2 ) [0m
  [4;35;1mRole Columns (0.5ms)[0m   [0mSHOW FIELDS FROM `roles`[0m
  [4;36;1mSQL (0.2ms)[0m   [0;1mSET NAMES 'utf8'[0m
  [4;35;1mSQL (0.1ms)[0m   [0mSET SQL_AUTO_IS_NULL=0[0m
  [4;36;1mUnidade Load (0.2ms)[0m   [0;1mSELECT * FROM `unidades` WHERE (id=52) [0m
  [4;35;1mUnidade Columns (1.6ms)[0m   [0mSHOW FIELDS FROM `unidades`[0m
Completed in 164ms (View: 143, DB: 3) | 200 OK [http://localhost/]
  [4;36;1mSQL (0.1ms)[0m   [0;1mSET NAMES 'utf8'[0m
  [4;35;1mSQL (0.1ms)[0m   [0mSET SQL_AUTO_IS_NULL=0[0m


Processing ApplicationController#index (for 127.0.0.1 at 2018-06-20 12:51:34) [GET]

ActionController::RoutingError (No route matches "/stylesheets/style.css" with {:method=>:get}):
  

Rendering rescues/layout (not_found)
  [4;36;1mSQL (0.1ms)[0m   [0;1mSET NAMES 'utf8'[0m
  [4;35;1mSQL (0.0ms)[0m   [0mSET SQL_AUTO_IS_NULL=0[0m


Processing HomeController#index (for 127.0.0.1 at 2018-06-20 14:48:55) [GET]
  [4;36;1mUser Columns (0.8ms)[0m   [0;1mSHOW FIELDS FROM `users`[0m
  [4;35;1mUser Load (0.1ms)[0m   [0mSELECT * FROM `users` WHERE (`users`.`id` = 2) LIMIT 1[0m
Rendering template within layouts/application
Rendering home/index
  [4;36;1mInformativo Load (0.4ms)[0m   [0;1mSELECT * FROM `informativos` WHERE (starts_at <= '2018-06-20 17:48:55' AND ends_at >= '2018-06-20 17:48:55') [0m
  [4;35;1mroles_users Columns (0.9ms)[0m   [0mSHOW FIELDS FROM `roles_users`[0m
  [4;36;1mRole Load (0.1ms)[0m   [0;1mSELECT * FROM `roles` INNER JOIN `roles_users` ON `roles`.id = `roles_users`.role_id WHERE (`roles_users`.user_id = 2 ) [0m
  [4;35;1mRole Columns (0.5ms)[0m   [0mSHOW FIELDS FROM `roles`[0m
  [4;36;1mSQL (0.2ms)[0m   [0;1mSET NAMES 'utf8'[0m
  [4;35;1mSQL (0.1ms)[0m   [0mSET SQL_AUTO_IS_NULL=0[0m
  [4;36;1mUnidade Load (0.2ms)[0m   [0;1mSELECT * FROM `unidades` WHERE (id=52) [0m
  [4;35;1mUnidade Columns (1.5ms)[0m   [0mSHOW FIELDS FROM `unidades`[0m
Completed in 142ms (View: 126, DB: 3) | 200 OK [http://localhost/]
  [4;36;1mSQL (0.2ms)[0m   [0;1mSET NAMES 'utf8'[0m
  [4;35;1mSQL (0.2ms)[0m   [0mSET SQL_AUTO_IS_NULL=0[0m


Processing ApplicationController#index (for 127.0.0.1 at 2018-06-20 14:48:55) [GET]

ActionController::RoutingError (No route matches "/stylesheets/style.css" with {:method=>:get}):
  

Rendering rescues/layout (not_found)
  [4;36;1mSQL (0.2ms)[0m   [0;1mSET NAMES 'utf8'[0m
  [4;35;1mSQL (0.2ms)[0m   [0mSET SQL_AUTO_IS_NULL=0[0m


Processing SessionsController#destroy (for 127.0.0.1 at 2018-06-20 14:48:59) [GET]
  [4;36;1mUser Columns (1.3ms)[0m   [0;1mSHOW FIELDS FROM `users`[0m
  [4;35;1mUser Load (0.1ms)[0m   [0mSELECT * FROM `users` WHERE (`users`.`id` = 2) LIMIT 1[0m
  [4;36;1mCurso Load (0.2ms)[0m   [0;1mSELECT * FROM `cursos` WHERE (status = 0) [0m
  [4;35;1mSQL (0.3ms)[0m   [0mBEGIN[0m
  [4;36;1mSQL (0.2ms)[0m   [0;1mCOMMIT[0m
Redirected to http://localhost:3001/
Completed in 26ms (DB: 3) | 302 Found [http://localhost/logout]
  [4;35;1mSQL (0.1ms)[0m   [0mSET NAMES 'utf8'[0m
  [4;36;1mSQL (0.1ms)[0m   [0;1mSET SQL_AUTO_IS_NULL=0[0m


Processing HomeController#index (for 127.0.0.1 at 2018-06-20 14:49:00) [GET]
Redirected to http://localhost:3001/session/new
Filter chain halted as [:login_required] rendered_or_redirected.
Completed in 7ms (DB: 0) | 302 Found [http://localhost/]
  [4;35;1mSQL (0.1ms)[0m   [0mSET NAMES 'utf8'[0m
  [4;36;1mSQL (0.1ms)[0m   [0;1mSET SQL_AUTO_IS_NULL=0[0m


Processing SessionsController#new (for 127.0.0.1 at 2018-06-20 14:49:00) [GET]
  [4;35;1mCurso Load (0.3ms)[0m   [0mSELECT * FROM `cursos` WHERE (status = 0) [0m
Rendering template within layouts/login
Rendering sessions/new
  [4;36;1mCurso Columns (1.5ms)[0m   [0;1mSHOW FIELDS FROM `cursos`[0m
Completed in 121ms (View: 12, DB: 2) | 200 OK [http://localhost/session/new]
  [4;35;1mSQL (0.2ms)[0m   [0mSET NAMES 'utf8'[0m
  [4;36;1mSQL (0.2ms)[0m   [0;1mSET SQL_AUTO_IS_NULL=0[0m


Processing ReservarSalasController#dowloads (for 127.0.0.1 at 2018-06-20 14:49:04) [GET]
  [4;35;1mSala Load (1.1ms)[0m   [0mSELECT * FROM `salas` WHERE (status = 1) ORDER BY sala ASC[0m
  [4;36;1mServicosSala Load (0.8ms)[0m   [0;1mSELECT * FROM `servicos_salas` WHERE (status = 1) [0m
Rendering template within layouts/inscricao
Rendering reservar_salas/dowloads
  [4;35;1mInformativo Load (0.8ms)[0m   [0mSELECT * FROM `informativos` WHERE (starts_at <= '2018-06-20 17:49:04' AND ends_at >= '2018-06-20 17:49:04') [0m
Completed in 100ms (View: 55, DB: 3) | 200 OK [http://localhost/dowloads]
  [4;36;1mSQL (0.1ms)[0m   [0;1mSET NAMES 'utf8'[0m
  [4;35;1mSQL (0.0ms)[0m   [0mSET SQL_AUTO_IS_NULL=0[0m


Processing ApplicationController#index (for 127.0.0.1 at 2018-06-20 14:49:04) [GET]

ActionController::RoutingError (No route matches "/stylesheets/style.css" with {:method=>:get}):
  

Rendering rescues/layout (not_found)
  [4;36;1mSQL (0.1ms)[0m   [0;1mSET NAMES 'utf8'[0m
  [4;35;1mSQL (0.1ms)[0m   [0mSET SQL_AUTO_IS_NULL=0[0m


Processing HomeController#index (for 127.0.0.1 at 2018-06-20 14:56:06) [GET]
Redirected to http://localhost:3001/session/new
Filter chain halted as [:login_required] rendered_or_redirected.
Completed in 9ms (DB: 0) | 302 Found [http://localhost/]
  [4;36;1mSQL (0.1ms)[0m   [0;1mSET NAMES 'utf8'[0m
  [4;35;1mSQL (0.1ms)[0m   [0mSET SQL_AUTO_IS_NULL=0[0m


Processing SessionsController#new (for 127.0.0.1 at 2018-06-20 14:56:06) [GET]
  [4;36;1mCurso Load (0.2ms)[0m   [0;1mSELECT * FROM `cursos` WHERE (status = 0) [0m
Rendering template within layouts/login
Rendering sessions/new
  [4;35;1mCurso Columns (0.7ms)[0m   [0mSHOW FIELDS FROM `cursos`[0m
Completed in 27ms (View: 11, DB: 1) | 200 OK [http://localhost/session/new]
  [4;36;1mSQL (0.1ms)[0m   [0;1mSET NAMES 'utf8'[0m
  [4;35;1mSQL (0.1ms)[0m   [0mSET SQL_AUTO_IS_NULL=0[0m


Processing ReservarSalasController#dowloads (for 127.0.0.1 at 2018-06-20 14:56:08) [GET]
  [4;36;1mSala Load (0.2ms)[0m   [0;1mSELECT * FROM `salas` WHERE (status = 1) ORDER BY sala ASC[0m
  [4;35;1mServicosSala Load (0.2ms)[0m   [0mSELECT * FROM `servicos_salas` WHERE (status = 1) [0m
Rendering template within layouts/inscricao
Rendering reservar_salas/dowloads
  [4;36;1mInformativo Load (0.8ms)[0m   [0;1mSELECT * FROM `informativos` WHERE (starts_at <= '2018-06-20 17:56:09' AND ends_at >= '2018-06-20 17:56:09') [0m
Completed in 40ms (View: 14, DB: 1) | 200 OK [http://localhost/dowloads]
  [4;35;1mSQL (0.1ms)[0m   [0mSET NAMES 'utf8'[0m
  [4;36;1mSQL (1.3ms)[0m   [0;1mSET SQL_AUTO_IS_NULL=0[0m


Processing ApplicationController#index (for 127.0.0.1 at 2018-06-20 14:56:09) [GET]

ActionController::RoutingError (No route matches "/stylesheets/style.css" with {:method=>:get}):
  

Rendering rescues/layout (not_found)
  [4;35;1mSQL (0.2ms)[0m   [0mSET NAMES 'utf8'[0m
  [4;36;1mSQL (0.1ms)[0m   [0;1mSET SQL_AUTO_IS_NULL=0[0m


Processing ReservarSalasController#cesta_basica (for 127.0.0.1 at 2018-06-20 14:56:11) [GET]
  [4;35;1mSala Load (0.2ms)[0m   [0mSELECT * FROM `salas` WHERE (status = 1) ORDER BY sala ASC[0m
  [4;36;1mServicosSala Load (0.3ms)[0m   [0;1mSELECT * FROM `servicos_salas` WHERE (status = 1) [0m
Redirected to http://localhost:3001/session/new
Filter chain halted as [:login_required] rendered_or_redirected.
Completed in 14ms (DB: 1) | 302 Found [http://localhost/cesta_basica]
  [4;35;1mSQL (0.1ms)[0m   [0mSET NAMES 'utf8'[0m
  [4;36;1mSQL (0.1ms)[0m   [0;1mSET SQL_AUTO_IS_NULL=0[0m


Processing SessionsController#new (for 127.0.0.1 at 2018-06-20 14:56:12) [GET]
  [4;35;1mCurso Load (0.2ms)[0m   [0mSELECT * FROM `cursos` WHERE (status = 0) [0m
Rendering template within layouts/login
Rendering sessions/new
  [4;36;1mCurso Columns (0.7ms)[0m   [0;1mSHOW FIELDS FROM `cursos`[0m
Completed in 106ms (View: 10, DB: 1) | 200 OK [http://localhost/session/new]
  [4;35;1mSQL (0.1ms)[0m   [0mSET NAMES 'utf8'[0m
  [4;36;1mSQL (0.1ms)[0m   [0;1mSET SQL_AUTO_IS_NULL=0[0m


Processing ReservarSalasController#dowloads (for 127.0.0.1 at 2018-06-20 14:56:59) [GET]
  [4;35;1mSala Load (0.2ms)[0m   [0mSELECT * FROM `salas` WHERE (status = 1) ORDER BY sala ASC[0m
  [4;36;1mServicosSala Load (0.2ms)[0m   [0;1mSELECT * FROM `servicos_salas` WHERE (status = 1) [0m
Rendering template within layouts/inscricao
Rendering reservar_salas/dowloads
  [4;35;1mInformativo Load (0.4ms)[0m   [0mSELECT * FROM `informativos` WHERE (starts_at <= '2018-06-20 17:56:59' AND ends_at >= '2018-06-20 17:56:59') [0m
Completed in 28ms (View: 9, DB: 1) | 200 OK [http://localhost/dowloads]
  [4;36;1mSQL (0.1ms)[0m   [0;1mSET NAMES 'utf8'[0m
  [4;35;1mSQL (0.1ms)[0m   [0mSET SQL_AUTO_IS_NULL=0[0m


Processing ApplicationController#index (for 127.0.0.1 at 2018-06-20 14:56:59) [GET]

ActionController::RoutingError (No route matches "/stylesheets/style.css" with {:method=>:get}):
  

Rendering rescues/layout (not_found)
  [4;36;1mSQL (0.2ms)[0m   [0;1mSET NAMES 'utf8'[0m
  [4;35;1mSQL (0.1ms)[0m   [0mSET SQL_AUTO_IS_NULL=0[0m


Processing ReservarSalasController#cesta_basica (for 127.0.0.1 at 2018-06-20 14:57:01) [GET]
  [4;36;1mSala Load (0.1ms)[0m   [0;1mSELECT * FROM `salas` WHERE (status = 1) ORDER BY sala ASC[0m
  [4;35;1mServicosSala Load (0.2ms)[0m   [0mSELECT * FROM `servicos_salas` WHERE (status = 1) [0m
Completed in 98ms (View: 1, DB: 1) | 200 OK [http://localhost/cesta_basica]
Streaming file /home/desenvolvimento/infoseduc/public/documentos/Lei 6166.pdf
